#
# There is insufficient memory for the Java Runtime Environment to continue.
# Native memory allocation (malloc) failed to allocate 1061456 bytes for Chunk::new
# Possible reasons:
#   The system is out of physical RAM or swap space
#   The process is running with CompressedOops enabled, and the Java Heap may be blocking the growth of the native heap
# Possible solutions:
#   Reduce memory load on the system
#   Increase physical memory or swap space
#   Check if swap backing store is full
#   Decrease Java heap size (-Xmx/-Xms)
#   Decrease number of Java threads
#   Decrease Java thread stack sizes (-Xss)
#   Set larger code cache with -XX:ReservedCodeCacheSize=
#   JVM is running with Unscaled Compressed Oops mode in which the Java heap is
#     placed in the first 4GB address space. The Java Heap base address is the
#     maximum limit for the native heap growth. Please use -XX:HeapBaseMinAddress
#     to set the Java Heap base and to place the Java Heap above 4GB virtual address.
# This output file may be truncated or incomplete.
#
#  Out of Memory Error (allocation.cpp:389), pid=8708, tid=0x0000000000001f08
#
# JRE version: OpenJDK Runtime Environment (8.0_202-b03) (build 1.8.0_202-release-1483-b03)
# Java VM: OpenJDK 64-Bit Server VM (25.202-b03 mixed mode windows-amd64 compressed oops)
# Failed to write core dump. Minidumps are not enabled by default on client versions of Windows
#

---------------  T H R E A D  ---------------

Current thread (0x00000000166ca000):  JavaThread "C2 CompilerThread2" daemon [_thread_in_native, id=7944, stack(0x0000000018f20000,0x0000000019020000)]

Stack: [0x0000000018f20000,0x0000000019020000]
[error occurred during error reporting (printing stack bounds), id 0xc0000005]

Native frames: (J=compiled Java code, j=interpreted, Vv=VM code, C=native code)


Current CompileTask:
C2:2093230 21740 %     4       com.android.tools.r8.ir.regalloc.LinearScanRegisterAllocator::a @ 512 (1738 bytes)


---------------  P R O C E S S  ---------------

Java Threads: ( => current thread )
  0x000000001f971000 JavaThread "Cache worker for Java compile cache (C:\Users\J\Downloads\Voice_recognizer-master\STT\.gradle\5.4.1\javaCompile)" [_thread_blocked, id=3200, stack(0x0000000029820000,0x0000000029920000)]
  0x000000001f976800 JavaThread "Cache worker for Java compile cache (C:\Users\J\.gradle\caches\5.4.1\javaCompile)" [_thread_blocked, id=1056, stack(0x0000000029510000,0x0000000029610000)]
  0x000000001f975800 JavaThread "stdout" [_thread_in_native, id=18044, stack(0x0000000029720000,0x0000000029820000)]
  0x000000001efb9000 JavaThread "stderr" [_thread_in_native, id=15492, stack(0x0000000029620000,0x0000000029720000)]
  0x000000001efb8800 JavaThread "stdout" [_thread_in_native, id=2376, stack(0x0000000029410000,0x0000000029510000)]
  0x000000001efb7000 JavaThread "stderr" [_thread_in_native, id=8932, stack(0x0000000029310000,0x0000000029410000)]
  0x000000001efb6000 JavaThread "stdout" [_thread_in_native, id=4504, stack(0x0000000029210000,0x0000000029310000)]
  0x000000001efbd000 JavaThread "stderr" [_thread_in_native, id=14700, stack(0x0000000029110000,0x0000000029210000)]
  0x000000001efbc000 JavaThread "stdout" [_thread_in_native, id=15436, stack(0x0000000029010000,0x0000000029110000)]
  0x000000001efba000 JavaThread "stderr" [_thread_in_native, id=18364, stack(0x0000000028f10000,0x0000000029010000)]
  0x000000001efbb800 JavaThread "stdout" [_thread_in_native, id=8096, stack(0x0000000028e10000,0x0000000028f10000)]
  0x000000001efb7800 JavaThread "stderr" [_thread_in_native, id=17684, stack(0x0000000028d10000,0x0000000028e10000)]
  0x000000001efba800 JavaThread "WorkerExecutor Queue Thread 8" [_thread_blocked, id=6312, stack(0x0000000028c10000,0x0000000028d10000)]
  0x000000001d559800 JavaThread "stdout" [_thread_in_native, id=14316, stack(0x0000000028b10000,0x0000000028c10000)]
  0x000000001d558000 JavaThread "stderr" [_thread_in_native, id=5812, stack(0x0000000028a10000,0x0000000028b10000)]
  0x000000001d55b800 JavaThread "stdout" [_thread_in_native, id=10272, stack(0x0000000028910000,0x0000000028a10000)]
  0x000000001d55a000 JavaThread "stdout" [_thread_in_native, id=9436, stack(0x0000000028810000,0x0000000028910000)]
  0x000000001d557000 JavaThread "stderr" [_thread_in_native, id=8736, stack(0x0000000028710000,0x0000000028810000)]
  0x000000001d556800 JavaThread "stderr" [_thread_in_native, id=7900, stack(0x0000000028610000,0x0000000028710000)]
  0x000000001d55b000 JavaThread "WorkerExecutor Queue Thread 7" [_thread_blocked, id=2012, stack(0x0000000028390000,0x0000000028490000)]
  0x000000001d558800 JavaThread "WorkerExecutor Queue Thread 6" [_thread_blocked, id=3040, stack(0x0000000028510000,0x0000000028610000)]
  0x000000001d555800 JavaThread "pool-4-thread-1" [_thread_blocked, id=4888, stack(0x0000000028290000,0x0000000028390000)]
  0x000000001d54e000 JavaThread "WorkerExecutor Queue Thread 5" [_thread_blocked, id=8740, stack(0x0000000028190000,0x0000000028290000)]
  0x000000001d555000 JavaThread "WorkerExecutor Queue Thread 4" [_thread_blocked, id=17368, stack(0x0000000028090000,0x0000000028190000)]
  0x000000001d54d800 JavaThread "WorkerExecutor Queue Thread 3" [_thread_blocked, id=11688, stack(0x0000000027f90000,0x0000000028090000)]
  0x000000001d554000 JavaThread "WorkerExecutor Queue Thread 2" [_thread_blocked, id=13872, stack(0x0000000027e90000,0x0000000027f90000)]
  0x000000001d551000 JavaThread "WorkerExecutor Queue" [_thread_blocked, id=15028, stack(0x0000000027b90000,0x0000000027c90000)]
  0x000000001d552800 JavaThread "Cache worker for execution history cache (C:\Users\J\Downloads\Voice_recognizer-master\STT\.gradle\5.4.1\executionHistory)" [_thread_blocked, id=12064, stack(0x0000000027a90000,0x0000000027b90000)]
  0x000000001d550800 JavaThread "Execution worker for ':' Thread 7" [_thread_in_Java, id=16800, stack(0x0000000027990000,0x0000000027a90000)]
  0x000000001d54f800 JavaThread "Execution worker for ':' Thread 6" [_thread_in_native, id=18060, stack(0x0000000027890000,0x0000000027990000)]
  0x0000000019694000 JavaThread "Execution worker for ':' Thread 5" [_thread_in_Java, id=10540, stack(0x0000000027590000,0x0000000027690000)]
  0x0000000019692800 JavaThread "Execution worker for ':' Thread 4" [_thread_in_Java, id=14588, stack(0x0000000027490000,0x0000000027590000)]
  0x0000000019691000 JavaThread "Execution worker for ':' Thread 3" [_thread_in_native, id=3456, stack(0x0000000027390000,0x0000000027490000)]
  0x0000000019698000 JavaThread "Execution worker for ':' Thread 2" [_thread_in_native, id=10032, stack(0x0000000026260000,0x0000000026360000)]
  0x000000001cfb7800 JavaThread "Execution worker for ':'" [_thread_in_Java, id=8608, stack(0x0000000026160000,0x0000000026260000)]
  0x000000001cfb6000 JavaThread "Cache worker for file content cache (C:\Users\J\Downloads\Voice_recognizer-master\STT\.gradle\5.4.1\fileContent)" [_thread_blocked, id=5844, stack(0x0000000025f60000,0x0000000026060000)]
  0x000000001cfb6800 JavaThread "Cache worker for file content cache (C:\Users\J\.gradle\caches\5.4.1\fileContent)" [_thread_blocked, id=5820, stack(0x0000000025bc0000,0x0000000025cc0000)]
  0x000000001cfb4800 JavaThread "Cache worker for Build Output Cleanup Cache (C:\Users\J\Downloads\Voice_recognizer-master\STT\.gradle\buildOutputCleanup)" [_thread_blocked, id=9948, stack(0x0000000025ac0000,0x0000000025bc0000)]
  0x000000001cfb3800 JavaThread "Build operations Thread 8" [_thread_blocked, id=3076, stack(0x0000000022c20000,0x0000000022d20000)]
  0x000000001cfac000 JavaThread "Build operations Thread 7" [_thread_blocked, id=12816, stack(0x0000000022b20000,0x0000000022c20000)]
  0x000000001cfab800 JavaThread "Build operations Thread 6" [_thread_blocked, id=12608, stack(0x0000000022a20000,0x0000000022b20000)]
  0x000000001cfb2000 JavaThread "Build operations Thread 5" [_thread_blocked, id=860, stack(0x0000000022920000,0x0000000022a20000)]
  0x000000001cfaf000 JavaThread "Build operations Thread 4" [_thread_blocked, id=14756, stack(0x0000000022820000,0x0000000022920000)]
  0x000000001cfaa800 JavaThread "Build operations Thread 3" [_thread_blocked, id=5028, stack(0x0000000022720000,0x0000000022820000)]
  0x000000001cfb1800 JavaThread "Build operations Thread 2" [_thread_blocked, id=11048, stack(0x0000000022620000,0x0000000022720000)]
  0x000000001cfad800 JavaThread "Build operations" [_thread_blocked, id=11692, stack(0x000000001f840000,0x000000001f940000)]
  0x000000001cfb0000 JavaThread "Cache worker for cache directory md-rule (C:\Users\J\.gradle\caches\5.4.1\md-rule)" [_thread_blocked, id=13548, stack(0x000000001f740000,0x000000001f840000)]
  0x000000001e67d000 JavaThread "Cache worker for cache directory md-supplier (C:\Users\J\.gradle\caches\5.4.1\md-supplier)" [_thread_blocked, id=10424, stack(0x000000001f040000,0x000000001f140000)]
  0x000000001e683000 JavaThread "Cache worker for file hash cache (C:\Users\J\Downloads\Voice_recognizer-master\STT\.gradle\5.4.1\fileHashes)" [_thread_blocked, id=11880, stack(0x000000001b8d0000,0x000000001b9d0000)]
  0x000000001e67f800 JavaThread "Thread-41" [_thread_blocked, id=13844, stack(0x000000001b5d0000,0x000000001b6d0000)]
  0x000000001e67e800 JavaThread "Stdin handler" [_thread_blocked, id=8340, stack(0x000000001b4d0000,0x000000001b5d0000)]
  0x000000001e681000 JavaThread "Asynchronous log dispatcher for DefaultDaemonConnection: socket connection from /127.0.0.1:54461 to /127.0.0.1:54615" [_thread_blocked, id=6916, stack(0x000000001b1d0000,0x000000001b2d0000)]
  0x000000001e680000 JavaThread "Daemon worker Thread 2" [_thread_in_Java, id=13796, stack(0x000000001b0d0000,0x000000001b1d0000)]
  0x000000001e682800 JavaThread "Cancel handler" [_thread_blocked, id=15404, stack(0x00000000009e0000,0x0000000000ae0000)]
  0x000000001e684000 JavaThread "Handler for socket connection from /127.0.0.1:54461 to /127.0.0.1:54615" [_thread_in_native, id=10844, stack(0x00000000008e0000,0x00000000009e0000)]
  0x000000001e67e000 JavaThread "Daemon Thread 2" [_thread_blocked, id=17676, stack(0x00000000007e0000,0x00000000008e0000)]
  0x000000001cfb3000 JavaThread "Memory manager" [_thread_blocked, id=14704, stack(0x00000000239b0000,0x0000000023ab0000)]
  0x0000000019691800 JavaThread "Cache worker for execution history cache (C:\Users\J\.gradle\caches\5.4.1\executionHistory)" [_thread_blocked, id=15580, stack(0x0000000021910000,0x0000000021a10000)]
  0x0000000019697000 JavaThread "Cache worker for journal cache (C:\Users\J\.gradle\caches\journal-1)" [_thread_blocked, id=15124, stack(0x000000001bdd0000,0x000000001bed0000)]
  0x0000000019693000 JavaThread "File lock request listener" [_thread_in_native, id=16272, stack(0x000000001bcd0000,0x000000001bdd0000)]
  0x000000001a501800 JavaThread "Cache worker for file hash cache (C:\Users\J\.gradle\caches\5.4.1\fileHashes)" [_thread_blocked, id=12376, stack(0x000000001b9d0000,0x000000001bad0000)]
  0x000000001a32d800 JavaThread "Daemon periodic checks" [_thread_blocked, id=11452, stack(0x000000001afd0000,0x000000001b0d0000)]
  0x00000000195b7800 JavaThread "Incoming local TCP Connector on port 54461" [_thread_in_native, id=13204, stack(0x000000001adf0000,0x000000001aef0000)]
  0x000000001a3d5800 JavaThread "Daemon health stats" [_thread_blocked, id=17296, stack(0x000000001aaf0000,0x000000001abf0000)]
  0x00000000185ba000 JavaThread "Service Thread" daemon [_thread_blocked, id=2852, stack(0x0000000019120000,0x0000000019220000)]
  0x000000001852b800 JavaThread "C1 CompilerThread3" daemon [_thread_blocked, id=10140, stack(0x0000000019020000,0x0000000019120000)]
=>0x00000000166ca000 JavaThread "C2 CompilerThread2" daemon [_thread_in_native, id=7944, stack(0x0000000018f20000,0x0000000019020000)]
  0x00000000184c9000 JavaThread "C2 CompilerThread1" daemon [_thread_in_native, id=3340, stack(0x0000000018e20000,0x0000000018f20000)]
  0x00000000184c6800 JavaThread "C2 CompilerThread0" daemon [_thread_in_native, id=7984, stack(0x0000000018d20000,0x0000000018e20000)]
  0x00000000184c5000 JavaThread "Attach Listener" daemon [_thread_blocked, id=2208, stack(0x0000000018c20000,0x0000000018d20000)]
  0x0000000018528000 JavaThread "Signal Dispatcher" daemon [_thread_blocked, id=9548, stack(0x0000000018b20000,0x0000000018c20000)]
  0x00000000184b1800 JavaThread "Finalizer" daemon [_thread_blocked, id=13772, stack(0x0000000018990000,0x0000000018a90000)]
  0x00000000184b0800 JavaThread "Reference Handler" daemon [_thread_blocked, id=8348, stack(0x0000000018890000,0x0000000018990000)]
  0x00000000005de800 JavaThread "main" [_thread_blocked, id=5420, stack(0x0000000002700000,0x0000000002800000)]

Other Threads:
  0x00000000166b8000 VMThread [stack: 0x0000000018390000,0x0000000018490000] [id=15576]
  0x00000000185ba800 WatcherThread [stack: 0x0000000019220000,0x0000000019320000] [id=5164]

VM state:not at safepoint (normal execution)

VM Mutex/Monitor currently owned by a thread: None

OutOfMemory and StackOverflow Exception counts:
OutOfMemoryError java_heap_errors=1

heap address: 0x00000000a0000000, size: 1536 MB, Compressed Oops mode: 32-bit
Narrow klass base: 0x0000000000000000, Narrow klass shift: 3
Compressed class space size: 1073741824 Address: 0x0000000100000000

Heap:
 PSYoungGen      total 477696K, used 253288K [0x00000000e0000000, 0x00000000ffd00000, 0x0000000100000000)
  eden space 433664K, 55% used [0x00000000e0000000,0x00000000eec98f38,0x00000000fa780000)
  from space 44032K, 25% used [0x00000000fa780000,0x00000000fb2410e0,0x00000000fd280000)
  to   space 41984K, 0% used [0x00000000fd400000,0x00000000fd400000,0x00000000ffd00000)
 ParOldGen       total 214528K, used 159917K [0x00000000a0000000, 0x00000000ad180000, 0x00000000e0000000)
  object space 214528K, 74% used [0x00000000a0000000,0x00000000a9c2b568,0x00000000ad180000)
 Metaspace       used 91864K, capacity 95854K, committed 96000K, reserved 1132544K
  class space    used 11674K, capacity 12423K, committed 12544K, reserved 1048576K

Card table byte_map: [0x0000000011cc0000,0x0000000011fd0000] byte_map_base: 0x00000000117c0000

Marking Bits: (ParMarkBitMap*) 0x0000000065d99f30
 Begin Bits: [0x00000000129d0000, 0x00000000141d0000)
 End Bits:   [0x00000000141d0000, 0x00000000159d0000)

Polling page: 0x0000000000600000

CodeCache: size=245760Kb used=63544Kb max_used=63778Kb free=182215Kb
 bounds [0x0000000002900000, 0x00000000067c0000, 0x0000000011900000]
 total_blobs=18343 nmethods=17468 adapters=785
 compilation: enabled

Compilation events (10 events):
Event: 2093.167 Thread 0x000000001852b800 nmethod 22594 0x0000000005a17250 code [0x0000000005a17440, 0x0000000005a17a88]
Event: 2093.167 Thread 0x000000001852b800 22595       2       com.sun.proxy.$Proxy103::<init> (6 bytes)
Event: 2093.168 Thread 0x000000001852b800 nmethod 22595 0x0000000005a16d90 code [0x0000000005a16f00, 0x0000000005a17128]
Event: 2093.201 Thread 0x000000001852b800 22596       2       java.util.WeakHashMap$HashIterator::hasNext (95 bytes)
Event: 2093.202 Thread 0x000000001852b800 nmethod 22596 0x0000000005a16750 code [0x0000000005a168c0, 0x0000000005a16bb0]
Event: 2093.202 Thread 0x000000001852b800 22597       2       java.util.WeakHashMap$EntryIterator::next (5 bytes)
Event: 2093.202 Thread 0x000000001852b800 nmethod 22597 0x0000000005a163d0 code [0x0000000005a16540, 0x0000000005a166a8]
Event: 2093.202 Thread 0x000000001852b800 22598       2       java.util.WeakHashMap$EntryIterator::next (5 bytes)
Event: 2093.202 Thread 0x000000001852b800 nmethod 22598 0x0000000005a16050 code [0x0000000005a161c0, 0x0000000005a16328]
Event: 2093.202 Thread 0x000000001852b800 22599       2       java.util.WeakHashMap$HashIterator::nextEntry (81 bytes)

GC Heap History (10 events):
Event: 2088.333 GC heap before
{Heap before GC invocations=45 (full 4):
 PSYoungGen      total 475136K, used 438300K [0x00000000e0000000, 0x00000000ffe80000, 0x0000000100000000)
  eden space 427008K, 100% used [0x00000000e0000000,0x00000000fa100000,0x00000000fa100000)
  from space 48128K, 23% used [0x00000000fcf80000,0x00000000fda87248,0x00000000ffe80000)
  to   space 47616K, 0% used [0x00000000fa100000,0x00000000fa100000,0x00000000fcf80000)
 ParOldGen       total 214528K, used 130420K [0x00000000a0000000, 0x00000000ad180000, 0x00000000e0000000)
  object space 214528K, 60% used [0x00000000a0000000,0x00000000a7f5d1e0,0x00000000ad180000)
 Metaspace       used 91706K, capacity 95782K, committed 96000K, reserved 1132544K
  class space    used 11667K, capacity 12423K, committed 12544K, reserved 1048576K
Event: 2088.355 GC heap after
Heap after GC invocations=45 (full 4):
 PSYoungGen      total 474624K, used 7344K [0x00000000e0000000, 0x00000000ffe80000, 0x0000000100000000)
  eden space 427008K, 0% used [0x00000000e0000000,0x00000000e0000000,0x00000000fa100000)
  from space 47616K, 15% used [0x00000000fa100000,0x00000000fa82c010,0x00000000fcf80000)
  to   space 47104K, 0% used [0x00000000fd080000,0x00000000fd080000,0x00000000ffe80000)
 ParOldGen       total 214528K, used 139374K [0x00000000a0000000, 0x00000000ad180000, 0x00000000e0000000)
  object space 214528K, 64% used [0x00000000a0000000,0x00000000a881bbe8,0x00000000ad180000)
 Metaspace       used 91706K, capacity 95782K, committed 96000K, reserved 1132544K
  class space    used 11667K, capacity 12423K, committed 12544K, reserved 1048576K
}
Event: 2089.515 GC heap before
{Heap before GC invocations=46 (full 4):
 PSYoungGen      total 474624K, used 434352K [0x00000000e0000000, 0x00000000ffe80000, 0x0000000100000000)
  eden space 427008K, 100% used [0x00000000e0000000,0x00000000fa100000,0x00000000fa100000)
  from space 47616K, 15% used [0x00000000fa100000,0x00000000fa82c010,0x00000000fcf80000)
  to   space 47104K, 0% used [0x00000000fd080000,0x00000000fd080000,0x00000000ffe80000)
 ParOldGen       total 214528K, used 139374K [0x00000000a0000000, 0x00000000ad180000, 0x00000000e0000000)
  object space 214528K, 64% used [0x00000000a0000000,0x00000000a881bbe8,0x00000000ad180000)
 Metaspace       used 91739K, capacity 95782K, committed 96000K, reserved 1132544K
  class space    used 11667K, capacity 12423K, committed 12544K, reserved 1048576K
Event: 2089.547 GC heap after
Heap after GC invocations=46 (full 4):
 PSYoungGen      total 474624K, used 12853K [0x00000000e0000000, 0x00000000ffc80000, 0x0000000100000000)
  eden space 429568K, 0% used [0x00000000e0000000,0x00000000e0000000,0x00000000fa380000)
  from space 45056K, 28% used [0x00000000fd080000,0x00000000fdd0d770,0x00000000ffc80000)
  to   space 45568K, 0% used [0x00000000fa380000,0x00000000fa380000,0x00000000fd000000)
 ParOldGen       total 214528K, used 144268K [0x00000000a0000000, 0x00000000ad180000, 0x00000000e0000000)
  object space 214528K, 67% used [0x00000000a0000000,0x00000000a8ce3118,0x00000000ad180000)
 Metaspace       used 91739K, capacity 95782K, committed 96000K, reserved 1132544K
  class space    used 11667K, capacity 12423K, committed 12544K, reserved 1048576K
}
Event: 2090.314 GC heap before
{Heap before GC invocations=47 (full 4):
 PSYoungGen      total 474624K, used 442421K [0x00000000e0000000, 0x00000000ffc80000, 0x0000000100000000)
  eden space 429568K, 100% used [0x00000000e0000000,0x00000000fa380000,0x00000000fa380000)
  from space 45056K, 28% used [0x00000000fd080000,0x00000000fdd0d770,0x00000000ffc80000)
  to   space 45568K, 0% used [0x00000000fa380000,0x00000000fa380000,0x00000000fd000000)
 ParOldGen       total 214528K, used 144268K [0x00000000a0000000, 0x00000000ad180000, 0x00000000e0000000)
  object space 214528K, 67% used [0x00000000a0000000,0x00000000a8ce3118,0x00000000ad180000)
 Metaspace       used 91760K, capacity 95790K, committed 96000K, reserved 1132544K
  class space    used 11667K, capacity 12423K, committed 12544K, reserved 1048576K
Event: 2090.343 GC heap after
Heap after GC invocations=47 (full 4):
 PSYoungGen      total 475136K, used 7296K [0x00000000e0000000, 0x00000000fff80000, 0x0000000100000000)
  eden space 429568K, 0% used [0x00000000e0000000,0x00000000e0000000,0x00000000fa380000)
  from space 45568K, 16% used [0x00000000fa380000,0x00000000faaa0030,0x00000000fd000000)
  to   space 45056K, 0% used [0x00000000fd380000,0x00000000fd380000,0x00000000fff80000)
 ParOldGen       total 214528K, used 152229K [0x00000000a0000000, 0x00000000ad180000, 0x00000000e0000000)
  object space 214528K, 70% used [0x00000000a0000000,0x00000000a94a97e0,0x00000000ad180000)
 Metaspace       used 91760K, capacity 95790K, committed 96000K, reserved 1132544K
  class space    used 11667K, capacity 12423K, committed 12544K, reserved 1048576K
}
Event: 2091.331 GC heap before
{Heap before GC invocations=48 (full 4):
 PSYoungGen      total 475136K, used 436864K [0x00000000e0000000, 0x00000000fff80000, 0x0000000100000000)
  eden space 429568K, 100% used [0x00000000e0000000,0x00000000fa380000,0x00000000fa380000)
  from space 45568K, 16% used [0x00000000fa380000,0x00000000faaa0030,0x00000000fd000000)
  to   space 45056K, 0% used [0x00000000fd380000,0x00000000fd380000,0x00000000fff80000)
 ParOldGen       total 214528K, used 152229K [0x00000000a0000000, 0x00000000ad180000, 0x00000000e0000000)
  object space 214528K, 70% used [0x00000000a0000000,0x00000000a94a97e0,0x00000000ad180000)
 Metaspace       used 91813K, capacity 95854K, committed 96000K, reserved 1132544K
  class space    used 11673K, capacity 12423K, committed 12544K, reserved 1048576K
Event: 2091.356 GC heap after
Heap after GC invocations=48 (full 4):
 PSYoungGen      total 476672K, used 8274K [0x00000000e0000000, 0x00000000ffd80000, 0x0000000100000000)
  eden space 433664K, 0% used [0x00000000e0000000,0x00000000e0000000,0x00000000fa780000)
  from space 43008K, 19% used [0x00000000fd380000,0x00000000fdb948e8,0x00000000ffd80000)
  to   space 44032K, 0% used [0x00000000fa780000,0x00000000fa780000,0x00000000fd280000)
 ParOldGen       total 214528K, used 156446K [0x00000000a0000000, 0x00000000ad180000, 0x00000000e0000000)
  object space 214528K, 72% used [0x00000000a0000000,0x00000000a98c7860,0x00000000ad180000)
 Metaspace       used 91813K, capacity 95854K, committed 96000K, reserved 1132544K
  class space    used 11673K, capacity 12423K, committed 12544K, reserved 1048576K
}
Event: 2092.703 GC heap before
{Heap before GC invocations=49 (full 4):
 PSYoungGen      total 476672K, used 441938K [0x00000000e0000000, 0x00000000ffd80000, 0x0000000100000000)
  eden space 433664K, 100% used [0x00000000e0000000,0x00000000fa780000,0x00000000fa780000)
  from space 43008K, 19% used [0x00000000fd380000,0x00000000fdb948e8,0x00000000ffd80000)
  to   space 44032K, 0% used [0x00000000fa780000,0x00000000fa780000,0x00000000fd280000)
 ParOldGen       total 214528K, used 156446K [0x00000000a0000000, 0x00000000ad180000, 0x00000000e0000000)
  object space 214528K, 72% used [0x00000000a0000000,0x00000000a98c7860,0x00000000ad180000)
 Metaspace       used 91854K, capacity 95854K, committed 96000K, reserved 1132544K
  class space    used 11674K, capacity 12423K, committed 12544K, reserved 1048576K
Event: 2092.734 GC heap after
Heap after GC invocations=49 (full 4):
 PSYoungGen      total 477696K, used 11012K [0x00000000e0000000, 0x00000000ffd00000, 0x0000000100000000)
  eden space 433664K, 0% used [0x00000000e0000000,0x00000000e0000000,0x00000000fa780000)
  from space 44032K, 25% used [0x00000000fa780000,0x00000000fb2410e0,0x00000000fd280000)
  to   space 41984K, 0% used [0x00000000fd400000,0x00000000fd400000,0x00000000ffd00000)
 ParOldGen       total 214528K, used 159917K [0x00000000a0000000, 0x00000000ad180000, 0x00000000e0000000)
  object space 214528K, 74% used [0x00000000a0000000,0x00000000a9c2b568,0x00000000ad180000)
 Metaspace       used 91854K, capacity 95854K, committed 96000K, reserved 1132544K
  class space    used 11674K, capacity 12423K, committed 12544K, reserved 1048576K
}

Deoptimization events (10 events):
Event: 2087.930 Thread 0x000000001d54f800 Uncommon trap: reason=unstable_if action=reinterpret pc=0x0000000006648078 method=java.util.concurrent.ConcurrentHashMap.computeIfAbsent(Ljava/lang/Object;Ljava/util/function/Function;)Ljava/lang/Object; @ 456
Event: 2088.268 Thread 0x0000000019694000 Uncommon trap: reason=class_check action=maybe_recompile pc=0x0000000005f2c6e4 method=com.android.tools.r8.ir.optimize.f.a(Lcom/android/tools/r8/ir/code/IRCode;)Lcom/android/tools/r8/ir/code/Position; @ 85
Event: 2088.411 Thread 0x000000001d54f800 Uncommon trap: reason=class_check action=maybe_recompile pc=0x0000000005f2c6e4 method=com.android.tools.r8.ir.optimize.f.a(Lcom/android/tools/r8/ir/code/IRCode;)Lcom/android/tools/r8/ir/code/Position; @ 85
Event: 2088.424 Thread 0x0000000019692800 Uncommon trap: reason=class_check action=maybe_recompile pc=0x0000000005f2c6e4 method=com.android.tools.r8.ir.optimize.f.a(Lcom/android/tools/r8/ir/code/IRCode;)Lcom/android/tools/r8/ir/code/Position; @ 85
Event: 2088.438 Thread 0x000000001d54f800 Uncommon trap: reason=class_check action=maybe_recompile pc=0x0000000005f2c6e4 method=com.android.tools.r8.ir.optimize.f.a(Lcom/android/tools/r8/ir/code/IRCode;)Lcom/android/tools/r8/ir/code/Position; @ 85
Event: 2088.541 Thread 0x000000001d54f800 Uncommon trap: reason=unstable_if action=reinterpret pc=0x0000000005a97b74 method=java.util.concurrent.ConcurrentHashMap$Traverser.advance()Ljava/util/concurrent/ConcurrentHashMap$Node; @ 84
Event: 2088.555 Thread 0x000000001d54f800 Uncommon trap: reason=unstable_if action=reinterpret pc=0x0000000003401ad0 method=java.util.HashMap.getNode(ILjava/lang/Object;)Ljava/util/HashMap$Node; @ 84
Event: 2091.079 Thread 0x000000001d558800 Uncommon trap: reason=class_check action=maybe_recompile pc=0x0000000003a65224 method=java.security.MessageDigest$Delegate.clone()Ljava/lang/Object; @ 4
Event: 2091.079 Thread 0x000000001d558800 Uncommon trap: reason=class_check action=maybe_recompile pc=0x0000000003a65224 method=java.security.MessageDigest$Delegate.clone()Ljava/lang/Object; @ 4
Event: 2091.193 Thread 0x000000001d558800 Uncommon trap: reason=class_check action=maybe_recompile pc=0x0000000003a65224 method=java.security.MessageDigest$Delegate.clone()Ljava/lang/Object; @ 4

Classes redefined (0 events):
No events

Internal exceptions (10 events):
Event: 2092.059 Thread 0x000000001d54f800 Exception <a 'sun/nio/fs/WindowsException'> (0x00000000ed5503d8) thrown at [D:\src\AOSP-openjdk-cygwin\jdk8u\hotspot\src\share\vm\prims\jni.cpp, line 710]
Event: 2092.128 Thread 0x000000001e680000 Exception <a 'sun/nio/fs/WindowsException'> (0x00000000ee81c2f0) thrown at [D:\src\AOSP-openjdk-cygwin\jdk8u\hotspot\src\share\vm\prims\jni.cpp, line 710]
Event: 2092.186 Thread 0x0000000019692800 Exception <a 'sun/nio/fs/WindowsException'> (0x00000000f1637468) thrown at [D:\src\AOSP-openjdk-cygwin\jdk8u\hotspot\src\share\vm\prims\jni.cpp, line 710]
Event: 2092.252 Thread 0x000000001e680000 Exception <a 'sun/nio/fs/WindowsException'> (0x00000000f30a93e0) thrown at [D:\src\AOSP-openjdk-cygwin\jdk8u\hotspot\src\share\vm\prims\jni.cpp, line 710]
Event: 2092.367 Thread 0x0000000019691000 Exception <a 'sun/nio/fs/WindowsException'> (0x00000000f60f3620) thrown at [D:\src\AOSP-openjdk-cygwin\jdk8u\hotspot\src\share\vm\prims\jni.cpp, line 710]
Event: 2092.593 Thread 0x000000001cfb7800 Exception <a 'sun/nio/fs/WindowsException'> (0x00000000f2a46690) thrown at [D:\src\AOSP-openjdk-cygwin\jdk8u\hotspot\src\share\vm\prims\jni.cpp, line 710]
Event: 2092.663 Thread 0x0000000019694000 Exception <a 'sun/nio/fs/WindowsException'> (0x00000000f9ad1430) thrown at [D:\src\AOSP-openjdk-cygwin\jdk8u\hotspot\src\share\vm\prims\jni.cpp, line 710]
Event: 2092.829 Thread 0x000000001d550800 Exception <a 'sun/nio/fs/WindowsException'> (0x00000000e2d3ce00) thrown at [D:\src\AOSP-openjdk-cygwin\jdk8u\hotspot\src\share\vm\prims\jni.cpp, line 710]
Event: 2093.118 Thread 0x000000001d54f800 Exception <a 'sun/nio/fs/WindowsException'> (0x00000000ec74f500) thrown at [D:\src\AOSP-openjdk-cygwin\jdk8u\hotspot\src\share\vm\prims\jni.cpp, line 710]
Event: 2093.201 Thread 0x0000000019698000 Exception <a 'java/lang/OutOfMemoryError'> (0x00000000ecc962f0) thrown at [D:\src\AOSP-openjdk-cygwin\jdk8u\hotspot\src\share\vm\prims\jni.cpp, line 736]

Events (10 events):
Event: 2093.052 Thread 0x0000000019694000 DEOPT PACKING pc=0x0000000005d3e3cd sp=0x000000002768a7c0
Event: 2093.052 Thread 0x0000000019694000 DEOPT UNPACKING pc=0x00000000029475d0 sp=0x000000002768a5e8 mode 0
Event: 2093.053 Thread 0x0000000019694000 DEOPT PACKING pc=0x00000000059fd76c sp=0x000000002768aa10
Event: 2093.053 Thread 0x0000000019694000 DEOPT UNPACKING pc=0x00000000029475d0 sp=0x000000002768a890 mode 0
Event: 2093.087 Thread 0x000000001d550800 DEOPT PACKING pc=0x0000000005ce5670 sp=0x0000000027a8a880
Event: 2093.087 Thread 0x000000001d550800 DEOPT UNPACKING pc=0x00000000029475d0 sp=0x0000000027a8a728 mode 0
Event: 2093.127 Thread 0x0000000019694000 DEOPT PACKING pc=0x0000000005d31588 sp=0x000000002768ad50
Event: 2093.127 Thread 0x0000000019694000 DEOPT UNPACKING pc=0x00000000029475d0 sp=0x000000002768aa70 mode 0
Event: 2093.186 Thread 0x000000001d550800 DEOPT PACKING pc=0x00000000059fd76c sp=0x0000000027a8a8c0
Event: 2093.186 Thread 0x000000001d550800 DEOPT UNPACKING pc=0x00000000029475d0 sp=0x0000000027a8a740 mode 0


Dynamic libraries:
0x00007ff635300000 - 0x00007ff635331000 	C:\Program Files\Android\Android Studio\jre\bin\java.exe
0x00007ffa948c0000 - 0x00007ffa94ab0000 	C:\WINDOWS\SYSTEM32\ntdll.dll
0x00007ffa92ba0000 - 0x00007ffa92c52000 	C:\WINDOWS\System32\KERNEL32.DLL
0x00007ffa91980000 - 0x00007ffa91c23000 	C:\WINDOWS\System32\KERNELBASE.dll
0x00007ffa94430000 - 0x00007ffa944d3000 	C:\WINDOWS\System32\ADVAPI32.dll
0x00007ffa92c70000 - 0x00007ffa92d0e000 	C:\WINDOWS\System32\msvcrt.dll
0x00007ffa93b10000 - 0x00007ffa93ba7000 	C:\WINDOWS\System32\sechost.dll
0x00007ffa92970000 - 0x00007ffa92a90000 	C:\WINDOWS\System32\RPCRT4.dll
0x00007ffa94280000 - 0x00007ffa94414000 	C:\WINDOWS\System32\USER32.dll
0x00007ffa91950000 - 0x00007ffa91971000 	C:\WINDOWS\System32\win32u.dll
0x00007ffa93260000 - 0x00007ffa93286000 	C:\WINDOWS\System32\GDI32.dll
0x00007ffa91e80000 - 0x00007ffa92014000 	C:\WINDOWS\System32\gdi32full.dll
0x00007ffa928d0000 - 0x00007ffa9296e000 	C:\WINDOWS\System32\msvcp_win.dll
0x00007ffa91850000 - 0x00007ffa9194a000 	C:\WINDOWS\System32\ucrtbase.dll
0x00007ffa738c0000 - 0x00007ffa73b45000 	C:\WINDOWS\WinSxS\amd64_microsoft.windows.common-controls_6595b64144ccf1df_6.0.18362.476_none_e6c4b11b130f2595\COMCTL32.dll
0x00007ffa92f20000 - 0x00007ffa93256000 	C:\WINDOWS\System32\combase.dll
0x00007ffa92850000 - 0x00007ffa928d0000 	C:\WINDOWS\System32\bcryptPrimitives.dll
0x00007ffa93c80000 - 0x00007ffa93cae000 	C:\WINDOWS\System32\IMM32.DLL
0x0000000065410000 - 0x00000000654e2000 	C:\Program Files\Android\Android Studio\jre\jre\bin\msvcr100.dll
0x00000000655d0000 - 0x0000000065e16000 	C:\Program Files\Android\Android Studio\jre\jre\bin\server\jvm.dll
0x00007ffa94420000 - 0x00007ffa94428000 	C:\WINDOWS\System32\PSAPI.DLL
0x00007ffa84d80000 - 0x00007ffa84d8a000 	C:\WINDOWS\SYSTEM32\VERSION.dll
0x00007ffa8eef0000 - 0x00007ffa8ef14000 	C:\WINDOWS\SYSTEM32\WINMM.dll
0x00007ffa8f4b0000 - 0x00007ffa8f4b9000 	C:\WINDOWS\SYSTEM32\WSOCK32.dll
0x00007ffa945b0000 - 0x00007ffa9461f000 	C:\WINDOWS\System32\WS2_32.dll
0x00007ffa8ede0000 - 0x00007ffa8ee0d000 	C:\WINDOWS\SYSTEM32\winmmbase.dll
0x00007ffa92080000 - 0x00007ffa920ca000 	C:\WINDOWS\System32\cfgmgr32.dll
0x00007ffa8f4a0000 - 0x00007ffa8f4af000 	C:\Program Files\Android\Android Studio\jre\jre\bin\verify.dll
0x00007ffa8a5e0000 - 0x00007ffa8a609000 	C:\Program Files\Android\Android Studio\jre\jre\bin\java.dll
0x00007ffa8a5c0000 - 0x00007ffa8a5d6000 	C:\Program Files\Android\Android Studio\jre\jre\bin\zip.dll
0x00007ffa93310000 - 0x00007ffa939f5000 	C:\WINDOWS\System32\SHELL32.dll
0x00007ffa94620000 - 0x00007ffa946c9000 	C:\WINDOWS\System32\shcore.dll
0x00007ffa920d0000 - 0x00007ffa9284e000 	C:\WINDOWS\System32\windows.storage.dll
0x00007ffa91830000 - 0x00007ffa9184f000 	C:\WINDOWS\System32\profapi.dll
0x00007ffa917e0000 - 0x00007ffa9182a000 	C:\WINDOWS\System32\powrprof.dll
0x00007ffa91790000 - 0x00007ffa917a0000 	C:\WINDOWS\System32\UMPDC.dll
0x00007ffa93a10000 - 0x00007ffa93a62000 	C:\WINDOWS\System32\shlwapi.dll
0x00007ffa917c0000 - 0x00007ffa917d1000 	C:\WINDOWS\System32\kernel.appcore.dll
0x00007ffa91e30000 - 0x00007ffa91e47000 	C:\WINDOWS\System32\cryptsp.dll
0x00007ffa83840000 - 0x00007ffa8385a000 	C:\Program Files\Android\Android Studio\jre\jre\bin\net.dll
0x00007ffa90fa0000 - 0x00007ffa91007000 	C:\WINDOWS\system32\mswsock.dll
0x00007ffa82fd0000 - 0x00007ffa82fe1000 	C:\Program Files\Android\Android Studio\jre\jre\bin\nio.dll
0x00007ffa83890000 - 0x00007ffa838b6000 	C:\Users\J\.gradle\native\29\windows-amd64\native-platform.dll
0x00007ffa8f490000 - 0x00007ffa8f49d000 	C:\Program Files\Android\Android Studio\jre\jre\bin\management.dll
0x00007ffa90b10000 - 0x00007ffa90b43000 	C:\WINDOWS\system32\rsaenh.dll
0x00007ffa91e50000 - 0x00007ffa91e76000 	C:\WINDOWS\System32\bcrypt.dll
0x00007ffa91680000 - 0x00007ffa916a5000 	C:\WINDOWS\SYSTEM32\USERENV.dll
0x00007ffa91170000 - 0x00007ffa9117c000 	C:\WINDOWS\SYSTEM32\CRYPTBASE.dll
0x00007ffa90cb0000 - 0x00007ffa90cea000 	C:\WINDOWS\SYSTEM32\IPHLPAPI.DLL
0x00007ffa92c60000 - 0x00007ffa92c68000 	C:\WINDOWS\System32\NSI.dll
0x00007ffa84ca0000 - 0x00007ffa84cb6000 	C:\WINDOWS\SYSTEM32\dhcpcsvc6.DLL
0x00007ffa84d90000 - 0x00007ffa84dac000 	C:\WINDOWS\SYSTEM32\dhcpcsvc.DLL
0x00007ffa90cf0000 - 0x00007ffa90dba000 	C:\WINDOWS\SYSTEM32\DNSAPI.dll
0x00007ffa8f510000 - 0x00007ffa8f59f000 	C:\WINDOWS\system32\apphelp.dll

VM Arguments:
jvm_args: -Xmx1536m -Dfile.encoding=x-windows-949 -Duser.country=KR -Duser.language=ko -Duser.variant 
java_command: org.gradle.launcher.daemon.bootstrap.GradleDaemon 5.4.1
java_class_path (initial): C:\Users\J\.gradle\wrapper\dists\gradle-5.4.1-all\3221gyojl5jsh0helicew7rwx\gradle-5.4.1\lib\gradle-launcher-5.4.1.jar
Launcher Type: SUN_STANDARD

Environment Variables:
JAVA_HOME=C:\Program Files\Java\jdk-13.0.1
PATH=C:\Users\J\Documents\apache-maven-3.6.2-bin\bin;C:\Program Files\Java\jdk-13.0.1;C:\Program Files\Java\jdk-13.0.1\bin;C:\Program Files (x86)\Intel\Intel(R) Management Engine Components\iCLS\;C:\Program Files\Intel\Intel(R) Management Engine Components\iCLS\;C:\WINDOWS\system32;C:\WINDOWS;C:\WINDOWS\System32\Wbem;C:\WINDOWS\System32\WindowsPowerShell\v1.0\;C:\WINDOWS\System32\OpenSSH\;C:\Program Files (x86)\Intel\Intel(R) Management Engine Components\DAL;C:\Program Files\Intel\Intel(R) Management Engine Components\DAL;C:\Program Files\PuTTY\;C:\Users\J\Downloads;C:\Program Files (x86)\Google\Cloud SDK\google-cloud-sdk\bin;C:\Program Files\Git\cmd;C:\Program Files\MySQL\MySQL Shell 8.0\bin\;C:\Users\J\AppData\Local\Microsoft\WindowsApps;C:\Users\J\AppData\Local\GitHubDesktop\bin;C:\Users\J\AppData\Local\atom\bin
USERNAME=J
OS=Windows_NT
PROCESSOR_IDENTIFIER=Intel64 Family 6 Model 142 Stepping 11, GenuineIntel



---------------  S Y S T E M  ---------------

OS: Windows 10.0 , 64 bit Build 18362 (10.0.18362.329)

CPU:total 8 (initial active 8) (4 cores per cpu, 2 threads per core) family 6 model 142 stepping 11, cmov, cx8, fxsr, mmx, sse, sse2, sse3, ssse3, sse4.1, sse4.2, popcnt, avx, avx2, aes, clmul, erms, 3dnowpref, lzcnt, ht, tsc, tscinvbit, bmi1, bmi2, adx

Memory: 4k page, physical 8177696k(1029796k free), swap 10117152k(4276k free)

vm_info: OpenJDK 64-Bit Server VM (25.202-b03) for windows-amd64 JRE (1.8.0_202-release-1483-b03), built by "builder" with MS VC++ 10.0 (VS2010)

time: Mon Dec 02 02:50:04 2019
timezone: 대한민국 표준시
elapsed time: 2093 seconds (0d 0h 34m 53s)

