#
# There is insufficient memory for the Java Runtime Environment to continue.
# Native memory allocation (malloc) failed to allocate 32744 bytes for ChunkPool::allocate
# Possible reasons:
#   The system is out of physical RAM or swap space
#   The process is running with CompressedOops enabled, and the Java Heap may be blocking the growth of the native heap
# Possible solutions:
#   Reduce memory load on the system
#   Increase physical memory or swap space
#   Check if swap backing store is full
#   Decrease Java heap size (-Xmx/-Xms)
#   Decrease number of Java threads
#   Decrease Java thread stack sizes (-Xss)
#   Set larger code cache with -XX:ReservedCodeCacheSize=
#   JVM is running with Unscaled Compressed Oops mode in which the Java heap is
#     placed in the first 4GB address space. The Java Heap base address is the
#     maximum limit for the native heap growth. Please use -XX:HeapBaseMinAddress
#     to set the Java Heap base and to place the Java Heap above 4GB virtual address.
# This output file may be truncated or incomplete.
#
#  Out of Memory Error (allocation.cpp:272), pid=4960, tid=0x0000000000005608
#
# JRE version: OpenJDK Runtime Environment (8.0_202-b03) (build 1.8.0_202-release-1483-b03)
# Java VM: OpenJDK 64-Bit Server VM (25.202-b03 mixed mode windows-amd64 compressed oops)
# Failed to write core dump. Minidumps are not enabled by default on client versions of Windows
#

---------------  T H R E A D  ---------------

Current thread (0x0000000018c3e800):  JavaThread "C2 CompilerThread1" daemon [_thread_in_native, id=22024, stack(0x00000000194b0000,0x00000000195b0000)]

Stack: [0x00000000194b0000,0x00000000195b0000]
[error occurred during error reporting (printing stack bounds), id 0xc0000005]

Native frames: (J=compiled Java code, j=interpreted, Vv=VM code, C=native code)


Current CompileTask:
C2:  11519 3967       4       com.sun.beans.TypeResolver::resolve (37 bytes)


---------------  P R O C E S S  ---------------

Java Threads: ( => current thread )
  0x000000001b080000 JavaThread "Cache worker for Build Output Cleanup Cache (C:\Users\J\Downloads\Voice_recognizer-master\STT\.gradle\buildOutputCleanup)" [_thread_blocked, id=1700, stack(0x00000000238b0000,0x00000000239b0000)]
  0x000000001b078800 JavaThread "Build operations Thread 8" [_thread_blocked, id=7060, stack(0x00000000231b0000,0x00000000232b0000)]
  0x000000001b07f800 JavaThread "Build operations Thread 7" [_thread_blocked, id=17344, stack(0x00000000230b0000,0x00000000231b0000)]
  0x000000001b077800 JavaThread "Build operations Thread 6" [_thread_blocked, id=8704, stack(0x0000000022fb0000,0x00000000230b0000)]
  0x000000001b07e800 JavaThread "Build operations Thread 5" [_thread_blocked, id=13252, stack(0x0000000022eb0000,0x0000000022fb0000)]
  0x000000001b07e000 JavaThread "Build operations Thread 4" [_thread_blocked, id=19916, stack(0x0000000022db0000,0x0000000022eb0000)]
  0x000000001b07d000 JavaThread "Build operations Thread 3" [_thread_blocked, id=12056, stack(0x0000000022cb0000,0x0000000022db0000)]
  0x000000001b076000 JavaThread "Build operations Thread 2" [_thread_blocked, id=10552, stack(0x0000000022910000,0x0000000022a10000)]
  0x000000001b07b800 JavaThread "Build operations" [_thread_blocked, id=22348, stack(0x00000000223b0000,0x00000000224b0000)]
  0x000000001b07c000 JavaThread "Cache worker for execution history cache (C:\Users\J\.gradle\caches\5.4.1\executionHistory)" [_thread_blocked, id=18876, stack(0x0000000020f70000,0x0000000021070000)]
  0x000000001b077000 JavaThread "Cache worker for cache directory md-rule (C:\Users\J\.gradle\caches\5.4.1\md-rule)" [_thread_blocked, id=9800, stack(0x0000000021080000,0x0000000021180000)]
  0x000000001aa3e000 JavaThread "Cache worker for cache directory md-supplier (C:\Users\J\.gradle\caches\5.4.1\md-supplier)" [_thread_blocked, id=22140, stack(0x0000000020e70000,0x0000000020f70000)]
  0x000000001aa3f000 JavaThread "Cache worker for file hash cache (C:\Users\J\Downloads\Voice_recognizer-master\STT\.gradle\5.4.1\fileHashes)" [_thread_blocked, id=19632, stack(0x000000001e500000,0x000000001e600000)]
  0x000000001aa39000 JavaThread "Cache worker for journal cache (C:\Users\J\.gradle\caches\journal-1)" [_thread_blocked, id=10528, stack(0x000000001c260000,0x000000001c360000)]
  0x000000001aa3b000 JavaThread "File lock request listener" [_thread_in_native, id=10368, stack(0x000000001c160000,0x000000001c260000)]
  0x0000000019e66000 JavaThread "Cache worker for file hash cache (C:\Users\J\.gradle\caches\5.4.1\fileHashes)" [_thread_blocked, id=10776, stack(0x000000001c060000,0x000000001c160000)]
  0x0000000019f0e000 JavaThread "Thread-9" [_thread_blocked, id=13544, stack(0x000000001bf60000,0x000000001c060000)]
  0x0000000019f1b000 JavaThread "Stdin handler" [_thread_blocked, id=11064, stack(0x000000001be60000,0x000000001bf60000)]
  0x000000001a23e800 JavaThread "Asynchronous log dispatcher for DefaultDaemonConnection: socket connection from /127.0.0.1:44690 to /127.0.0.1:44691" [_thread_blocked, id=16888, stack(0x000000001bd60000,0x000000001be60000)]
  0x000000001a23b800 JavaThread "Daemon worker" [_thread_in_Java, id=13676, stack(0x000000001bc60000,0x000000001bd60000)]
  0x000000001a23b000 JavaThread "Cancel handler" [_thread_blocked, id=19188, stack(0x000000001bb60000,0x000000001bc60000)]
  0x0000000018d1f000 JavaThread "Handler for socket connection from /127.0.0.1:44690 to /127.0.0.1:44691" [_thread_in_native, id=10252, stack(0x000000001b860000,0x000000001b960000)]
  0x0000000018d2d800 JavaThread "Daemon" [_thread_blocked, id=14228, stack(0x000000001b760000,0x000000001b860000)]
  0x0000000018f1a000 JavaThread "Daemon periodic checks" [_thread_blocked, id=15492, stack(0x000000001b660000,0x000000001b760000)]
  0x000000001a12e000 JavaThread "Incoming local TCP Connector on port 44690" [_thread_in_native, id=15436, stack(0x000000001b480000,0x000000001b580000)]
  0x000000001aae5000 JavaThread "Daemon health stats" [_thread_blocked, id=6792, stack(0x000000001b180000,0x000000001b280000)]
  0x0000000018cd8000 JavaThread "Service Thread" daemon [_thread_blocked, id=1132, stack(0x00000000197b0000,0x00000000198b0000)]
  0x0000000018c4a000 JavaThread "C1 CompilerThread3" daemon [_thread_in_native, id=18280, stack(0x00000000196b0000,0x00000000197b0000)]
  0x0000000018c45000 JavaThread "C2 CompilerThread2" daemon [_thread_in_native, id=15852, stack(0x00000000195b0000,0x00000000196b0000)]
=>0x0000000018c3e800 JavaThread "C2 CompilerThread1" daemon [_thread_in_native, id=22024, stack(0x00000000194b0000,0x00000000195b0000)]
  0x0000000018c3c800 JavaThread "C2 CompilerThread0" daemon [_thread_in_native, id=2440, stack(0x00000000193b0000,0x00000000194b0000)]
  0x0000000018c3a000 JavaThread "Attach Listener" daemon [_thread_blocked, id=23432, stack(0x00000000192b0000,0x00000000193b0000)]
  0x0000000018be8000 JavaThread "Signal Dispatcher" daemon [_thread_blocked, id=20344, stack(0x00000000191b0000,0x00000000192b0000)]
  0x0000000002ff7800 JavaThread "Finalizer" daemon [_thread_blocked, id=11760, stack(0x00000000190b0000,0x00000000191b0000)]
  0x0000000018bd0800 JavaThread "Reference Handler" daemon [_thread_blocked, id=13996, stack(0x0000000018fb0000,0x00000000190b0000)]
  0x0000000002efe000 JavaThread "main" [_thread_blocked, id=9884, stack(0x0000000002d80000,0x0000000002e80000)]

Other Threads:
  0x0000000016db8000 VMThread [stack: 0x0000000018ab0000,0x0000000018bb0000] [id=18460]
  0x0000000018cf1000 WatcherThread [stack: 0x00000000198b0000,0x00000000199b0000] [id=6844]

VM state:not at safepoint (normal execution)

VM Mutex/Monitor currently owned by a thread: None

heap address: 0x00000000a0000000, size: 1536 MB, Compressed Oops mode: 32-bit
Narrow klass base: 0x0000000000000000, Narrow klass shift: 3
Compressed class space size: 1073741824 Address: 0x0000000100000000

Heap:
 PSYoungGen      total 241152K, used 153641K [0x00000000e0000000, 0x00000000efa80000, 0x0000000100000000)
  eden space 225280K, 68% used [0x00000000e0000000,0x00000000e960a7e0,0x00000000edc00000)
  from space 15872K, 0% used [0x00000000eeb00000,0x00000000eeb00000,0x00000000efa80000)
  to   space 15360K, 0% used [0x00000000edc00000,0x00000000edc00000,0x00000000eeb00000)
 ParOldGen       total 93184K, used 17224K [0x00000000a0000000, 0x00000000a5b00000, 0x00000000e0000000)
  object space 93184K, 18% used [0x00000000a0000000,0x00000000a10d21c8,0x00000000a5b00000)
 Metaspace       used 49070K, capacity 50316K, committed 50520K, reserved 1093632K
  class space    used 6612K, capacity 6917K, committed 7040K, reserved 1048576K

Card table byte_map: [0x00000000123c0000,0x00000000126d0000] byte_map_base: 0x0000000011ec0000

Marking Bits: (ParMarkBitMap*) 0x0000000076e89f30
 Begin Bits: [0x00000000130d0000, 0x00000000148d0000)
 End Bits:   [0x00000000148d0000, 0x00000000160d0000)

Polling page: 0x00000000009f0000

CodeCache: size=245760Kb used=13334Kb max_used=13334Kb free=232425Kb
 bounds [0x0000000003000000, 0x0000000003d10000, 0x0000000012000000]
 total_blobs=4703 nmethods=3917 adapters=697
 compilation: enabled

Compilation events (10 events):
Event: 11.513 Thread 0x0000000018c4a000 4206       1       kotlin.reflect.jvm.internal.impl.metadata.ProtoBuf$Type::getDefaultInstance (4 bytes)
Event: 11.514 Thread 0x0000000018c4a000 nmethod 4206 0x0000000003cf8010 code [0x0000000003cf8160, 0x0000000003cf8250]
Event: 11.514 Thread 0x0000000018c4a000 4201       3       kotlin.reflect.jvm.internal.impl.protobuf.ByteString::copyFrom (94 bytes)
Event: 11.514 Thread 0x0000000018c4a000 nmethod 4201 0x0000000003cfa3d0 code [0x0000000003cfa660, 0x0000000003cfb778]
Event: 11.514 Thread 0x0000000018c4a000 4204       3       kotlin.reflect.jvm.internal.impl.protobuf.SmallSortedMap::getNumArrayEntries (10 bytes)
Event: 11.515 Thread 0x0000000018c4a000 nmethod 4204 0x0000000003cf7bd0 code [0x0000000003cf7d40, 0x0000000003cf7f68]
Event: 11.515 Thread 0x0000000018c4a000 4207       3       kotlin.reflect.jvm.internal.impl.protobuf.SmallSortedMap::newFieldMap (9 bytes)
Event: 11.515 Thread 0x0000000018c45000 4219       4       kotlin.reflect.jvm.internal.impl.protobuf.CodedInputStream::readTag (41 bytes)
Event: 11.515 Thread 0x0000000018c4a000 nmethod 4207 0x0000000003cf7310 code [0x0000000003cf74a0, 0x0000000003cf7910]
Event: 11.515 Thread 0x0000000018c4a000 4217       3       kotlin.reflect.jvm.internal.impl.protobuf.SmallSortedMap$1::makeImmutable (142 bytes)

GC Heap History (10 events):
Event: 6.989 GC heap before
{Heap before GC invocations=4 (full 0):
 PSYoungGen      total 70656K, used 53472K [0x00000000e0000000, 0x00000000e8a00000, 0x0000000100000000)
  eden space 65536K, 73% used [0x00000000e0000000,0x00000000e2f3dd80,0x00000000e4000000)
  from space 5120K, 99% used [0x00000000e4000000,0x00000000e44fa650,0x00000000e4500000)
  to   space 5120K, 0% used [0x00000000e8500000,0x00000000e8500000,0x00000000e8a00000)
 ParOldGen       total 86016K, used 5489K [0x00000000a0000000, 0x00000000a5400000, 0x00000000e0000000)
  object space 86016K, 6% used [0x00000000a0000000,0x00000000a055c4e8,0x00000000a5400000)
 Metaspace       used 20743K, capacity 21132K, committed 21248K, reserved 1067008K
  class space    used 2919K, capacity 3066K, committed 3072K, reserved 1048576K
Event: 6.996 GC heap after
Heap after GC invocations=4 (full 0):
 PSYoungGen      total 136192K, used 5097K [0x00000000e0000000, 0x00000000e8a00000, 0x0000000100000000)
  eden space 131072K, 0% used [0x00000000e0000000,0x00000000e0000000,0x00000000e8000000)
  from space 5120K, 99% used [0x00000000e8500000,0x00000000e89fa660,0x00000000e8a00000)
  to   space 5120K, 0% used [0x00000000e8000000,0x00000000e8000000,0x00000000e8500000)
 ParOldGen       total 86016K, used 11185K [0x00000000a0000000, 0x00000000a5400000, 0x00000000e0000000)
  object space 86016K, 13% used [0x00000000a0000000,0x00000000a0aec6e8,0x00000000a5400000)
 Metaspace       used 20743K, capacity 21132K, committed 21248K, reserved 1067008K
  class space    used 2919K, capacity 3066K, committed 3072K, reserved 1048576K
}
Event: 6.996 GC heap before
{Heap before GC invocations=5 (full 1):
 PSYoungGen      total 136192K, used 5097K [0x00000000e0000000, 0x00000000e8a00000, 0x0000000100000000)
  eden space 131072K, 0% used [0x00000000e0000000,0x00000000e0000000,0x00000000e8000000)
  from space 5120K, 99% used [0x00000000e8500000,0x00000000e89fa660,0x00000000e8a00000)
  to   space 5120K, 0% used [0x00000000e8000000,0x00000000e8000000,0x00000000e8500000)
 ParOldGen       total 86016K, used 11185K [0x00000000a0000000, 0x00000000a5400000, 0x00000000e0000000)
  object space 86016K, 13% used [0x00000000a0000000,0x00000000a0aec6e8,0x00000000a5400000)
 Metaspace       used 20743K, capacity 21132K, committed 21248K, reserved 1067008K
  class space    used 2919K, capacity 3066K, committed 3072K, reserved 1048576K
Event: 7.025 GC heap after
Heap after GC invocations=5 (full 1):
 PSYoungGen      total 136192K, used 0K [0x00000000e0000000, 0x00000000e8a00000, 0x0000000100000000)
  eden space 131072K, 0% used [0x00000000e0000000,0x00000000e0000000,0x00000000e8000000)
  from space 5120K, 0% used [0x00000000e8500000,0x00000000e8500000,0x00000000e8a00000)
  to   space 5120K, 0% used [0x00000000e8000000,0x00000000e8000000,0x00000000e8500000)
 ParOldGen       total 61440K, used 11000K [0x00000000a0000000, 0x00000000a3c00000, 0x00000000e0000000)
  object space 61440K, 17% used [0x00000000a0000000,0x00000000a0abe310,0x00000000a3c00000)
 Metaspace       used 20743K, capacity 21132K, committed 21248K, reserved 1067008K
  class space    used 2919K, capacity 3066K, committed 3072K, reserved 1048576K
}
Event: 8.489 GC heap before
{Heap before GC invocations=6 (full 1):
 PSYoungGen      total 136192K, used 131072K [0x00000000e0000000, 0x00000000e8a00000, 0x0000000100000000)
  eden space 131072K, 100% used [0x00000000e0000000,0x00000000e8000000,0x00000000e8000000)
  from space 5120K, 0% used [0x00000000e8500000,0x00000000e8500000,0x00000000e8a00000)
  to   space 5120K, 0% used [0x00000000e8000000,0x00000000e8000000,0x00000000e8500000)
 ParOldGen       total 61440K, used 11000K [0x00000000a0000000, 0x00000000a3c00000, 0x00000000e0000000)
  object space 61440K, 17% used [0x00000000a0000000,0x00000000a0abe310,0x00000000a3c00000)
 Metaspace       used 31808K, capacity 32356K, committed 32768K, reserved 1077248K
  class space    used 4377K, capacity 4535K, committed 4608K, reserved 1048576K
Event: 8.506 GC heap after
Heap after GC invocations=6 (full 1):
 PSYoungGen      total 136192K, used 5104K [0x00000000e0000000, 0x00000000efa80000, 0x0000000100000000)
  eden space 131072K, 0% used [0x00000000e0000000,0x00000000e0000000,0x00000000e8000000)
  from space 5120K, 99% used [0x00000000e8000000,0x00000000e84fc010,0x00000000e8500000)
  to   space 15872K, 0% used [0x00000000eeb00000,0x00000000eeb00000,0x00000000efa80000)
 ParOldGen       total 61440K, used 18626K [0x00000000a0000000, 0x00000000a3c00000, 0x00000000e0000000)
  object space 61440K, 30% used [0x00000000a0000000,0x00000000a1230bf0,0x00000000a3c00000)
 Metaspace       used 31808K, capacity 32356K, committed 32768K, reserved 1077248K
  class space    used 4377K, capacity 4535K, committed 4608K, reserved 1048576K
}
Event: 9.558 GC heap before
{Heap before GC invocations=7 (full 1):
 PSYoungGen      total 136192K, used 58474K [0x00000000e0000000, 0x00000000efa80000, 0x0000000100000000)
  eden space 131072K, 40% used [0x00000000e0000000,0x00000000e341e998,0x00000000e8000000)
  from space 5120K, 99% used [0x00000000e8000000,0x00000000e84fc010,0x00000000e8500000)
  to   space 15872K, 0% used [0x00000000eeb00000,0x00000000eeb00000,0x00000000efa80000)
 ParOldGen       total 61440K, used 18626K [0x00000000a0000000, 0x00000000a3c00000, 0x00000000e0000000)
  object space 61440K, 30% used [0x00000000a0000000,0x00000000a1230bf0,0x00000000a3c00000)
 Metaspace       used 34533K, capacity 35262K, committed 35416K, reserved 1079296K
  class space    used 4749K, capacity 4948K, committed 4992K, reserved 1048576K
Event: 9.571 GC heap after
Heap after GC invocations=7 (full 1):
 PSYoungGen      total 241152K, used 10210K [0x00000000e0000000, 0x00000000efa80000, 0x0000000100000000)
  eden space 225280K, 0% used [0x00000000e0000000,0x00000000e0000000,0x00000000edc00000)
  from space 15872K, 64% used [0x00000000eeb00000,0x00000000ef4f8818,0x00000000efa80000)
  to   space 15360K, 0% used [0x00000000edc00000,0x00000000edc00000,0x00000000eeb00000)
 ParOldGen       total 61440K, used 18634K [0x00000000a0000000, 0x00000000a3c00000, 0x00000000e0000000)
  object space 61440K, 30% used [0x00000000a0000000,0x00000000a1232bf0,0x00000000a3c00000)
 Metaspace       used 34533K, capacity 35262K, committed 35416K, reserved 1079296K
  class space    used 4749K, capacity 4948K, committed 4992K, reserved 1048576K
}
Event: 9.571 GC heap before
{Heap before GC invocations=8 (full 2):
 PSYoungGen      total 241152K, used 10210K [0x00000000e0000000, 0x00000000efa80000, 0x0000000100000000)
  eden space 225280K, 0% used [0x00000000e0000000,0x00000000e0000000,0x00000000edc00000)
  from space 15872K, 64% used [0x00000000eeb00000,0x00000000ef4f8818,0x00000000efa80000)
  to   space 15360K, 0% used [0x00000000edc00000,0x00000000edc00000,0x00000000eeb00000)
 ParOldGen       total 61440K, used 18634K [0x00000000a0000000, 0x00000000a3c00000, 0x00000000e0000000)
  object space 61440K, 30% used [0x00000000a0000000,0x00000000a1232bf0,0x00000000a3c00000)
 Metaspace       used 34533K, capacity 35262K, committed 35416K, reserved 1079296K
  class space    used 4749K, capacity 4948K, committed 4992K, reserved 1048576K
Event: 9.627 GC heap after
Heap after GC invocations=8 (full 2):
 PSYoungGen      total 241152K, used 0K [0x00000000e0000000, 0x00000000efa80000, 0x0000000100000000)
  eden space 225280K, 0% used [0x00000000e0000000,0x00000000e0000000,0x00000000edc00000)
  from space 15872K, 0% used [0x00000000eeb00000,0x00000000eeb00000,0x00000000efa80000)
  to   space 15360K, 0% used [0x00000000edc00000,0x00000000edc00000,0x00000000eeb00000)
 ParOldGen       total 93184K, used 17224K [0x00000000a0000000, 0x00000000a5b00000, 0x00000000e0000000)
  object space 93184K, 18% used [0x00000000a0000000,0x00000000a10d21c8,0x00000000a5b00000)
 Metaspace       used 34513K, capacity 35196K, committed 35416K, reserved 1079296K
  class space    used 4743K, capacity 4937K, committed 4992K, reserved 1048576K
}

Deoptimization events (10 events):
Event: 10.352 Thread 0x000000001a23b800 Uncommon trap: reason=unstable_if action=reinterpret pc=0x00000000033cd5a8 method=java.util.jar.JarFile.maybeInstantiateVerifier()V @ 4
Event: 10.352 Thread 0x000000001a23b800 Uncommon trap: reason=unstable_if action=reinterpret pc=0x00000000034c6df0 method=java.util.jar.JarFile.maybeInstantiateVerifier()V @ 4
Event: 10.353 Thread 0x000000001a23b800 Uncommon trap: reason=unstable_if action=reinterpret pc=0x0000000003a6d30c method=java.security.CodeSource.matchCerts(Ljava/security/CodeSource;Z)Z @ 11
Event: 10.369 Thread 0x000000001a23b800 Uncommon trap: reason=unstable_if action=reinterpret pc=0x00000000039dadc0 method=java.util.LinkedHashMap.get(Ljava/lang/Object;)Ljava/lang/Object; @ 20
Event: 10.430 Thread 0x000000001a23b800 Uncommon trap: reason=unstable_if action=reinterpret pc=0x00000000031ead68 method=org.objectweb.asm.ByteVector.putUTF8(Ljava/lang/String;)Lorg/objectweb/asm/ByteVector; @ 93
Event: 10.510 Thread 0x000000001a23b800 Uncommon trap: reason=unstable_if action=reinterpret pc=0x00000000037ba070 method=org.objectweb.asm.ByteVector.putUTF8(Ljava/lang/String;)Lorg/objectweb/asm/ByteVector; @ 93
Event: 10.736 Thread 0x000000001a23b800 Uncommon trap: reason=unstable_if action=reinterpret pc=0x0000000003837a20 method=org.gradle.internal.reflect.PropertyAccessorType.of(Ljava/lang/reflect/Method;)Lorg/gradle/internal/reflect/PropertyAccessorType; @ 56
Event: 10.951 Thread 0x000000001a23b800 Uncommon trap: reason=unstable_if action=reinterpret pc=0x00000000035f4db0 method=org.gradle.internal.instantiation.AbstractClassGenerator$InjectionAnnotationValidator.validateMethod(Ljava/lang/reflect/Method;Lorg/gradle/internal/reflect/PropertyAccessorT
Event: 11.205 Thread 0x000000001a23b800 Uncommon trap: reason=class_check action=maybe_recompile pc=0x0000000003b83b94 method=java.util.Collections$SynchronizedCollection.add(Ljava/lang/Object;)Z @ 12
Event: 11.291 Thread 0x000000001a23b800 Uncommon trap: reason=unstable_if action=reinterpret pc=0x0000000003561ea4 method=java.lang.String.lastIndexOf([CII[CIII)I @ 17

Classes redefined (0 events):
No events

Internal exceptions (10 events):
Event: 10.874 Thread 0x000000001a23b800 Exception <a 'java/lang/ClassNotFoundException': org/gradle/api/internal/file/CompositeFileTreeCustomizer> (0x00000000e72a8d40) thrown at [D:\src\AOSP-openjdk-cygwin\jdk8u\hotspot\src\share\vm\classfile\systemDictionary.cpp, line 210]
Event: 10.875 Thread 0x000000001a23b800 Exception <a 'java/lang/ClassNotFoundException': org/gradle/api/internal/file/collections/DefaultConfigurableFileTreeCustomizer> (0x00000000e72f6a10) thrown at [D:\src\AOSP-openjdk-cygwin\jdk8u\hotspot\src\share\vm\classfile\systemDictionary.cpp, line 210
Event: 11.128 Thread 0x000000001a23b800 Exception <a 'java/lang/ClassNotFoundException': org/gradle/api/plugins/internal/DefaultBasePluginConventionBeanInfo> (0x00000000e7bf6638) thrown at [D:\src\AOSP-openjdk-cygwin\jdk8u\hotspot\src\share\vm\classfile\systemDictionary.cpp, line 210]
Event: 11.129 Thread 0x000000001a23b800 Exception <a 'java/lang/ClassNotFoundException': org/gradle/api/plugins/BasePluginConventionBeanInfo> (0x00000000e7c1c298) thrown at [D:\src\AOSP-openjdk-cygwin\jdk8u\hotspot\src\share\vm\classfile\systemDictionary.cpp, line 210]
Event: 11.129 Thread 0x000000001a23b800 Exception <a 'java/lang/ClassNotFoundException': org/gradle/api/plugins/BasePluginConventionCustomizer> (0x00000000e7c42850) thrown at [D:\src\AOSP-openjdk-cygwin\jdk8u\hotspot\src\share\vm\classfile\systemDictionary.cpp, line 210]
Event: 11.131 Thread 0x000000001a23b800 Exception <a 'java/lang/ClassNotFoundException': org/gradle/api/plugins/internal/DefaultBasePluginConventionCustomizer> (0x00000000e7c821b8) thrown at [D:\src\AOSP-openjdk-cygwin\jdk8u\hotspot\src\share\vm\classfile\systemDictionary.cpp, line 210]
Event: 11.141 Thread 0x000000001a23b800 Exception <a 'java/lang/NoSuchMethodError': java.lang.Object.lambda$comparing$77a9974f$1(Ljava/util/function/Function;Ljava/lang/Object;Ljava/lang/Object;)I> (0x00000000e7cf8c90) thrown at [D:\src\AOSP-openjdk-cygwin\jdk8u\hotspot\src\share\vm\interpreter
Event: 11.142 Thread 0x000000001a23b800 Exception <a 'java/lang/NoSuchMethodError': java.lang.Object.lambda$comparingInt$7b0bb60$1(Ljava/util/function/ToIntFunction;Ljava/lang/Object;Ljava/lang/Object;)I> (0x00000000e7d031c8) thrown at [D:\src\AOSP-openjdk-cygwin\jdk8u\hotspot\src\share\vm\inte
Event: 11.143 Thread 0x000000001a23b800 Exception <a 'java/lang/NoSuchMethodError': java.lang.Object.lambda$thenComparing$36697e65$1(Ljava/util/Comparator;Ljava/lang/Object;Ljava/lang/Object;)I> (0x00000000e7d0bd50) thrown at [D:\src\AOSP-openjdk-cygwin\jdk8u\hotspot\src\share\vm\interpreter\li
Event: 11.145 Thread 0x000000001a23b800 Exception <a 'java/lang/NoSuchMethodError': java.lang.Object.lambda$comparing$ea9a8b3a$1(Ljava/util/Comparator;Ljava/util/function/Function;Ljava/lang/Object;Ljava/lang/Object;)I> (0x00000000e7d19750) thrown at [D:\src\AOSP-openjdk-cygwin\jdk8u\hotspot\sr

Events (10 events):
Event: 11.504 loading class kotlin/reflect/jvm/internal/impl/metadata/ProtoBuf$Type$ArgumentOrBuilder
Event: 11.504 loading class kotlin/reflect/jvm/internal/impl/metadata/ProtoBuf$Type$ArgumentOrBuilder done
Event: 11.505 loading class kotlin/reflect/jvm/internal/impl/metadata/ProtoBuf$Type$Argument$1
Event: 11.505 loading class kotlin/reflect/jvm/internal/impl/metadata/ProtoBuf$Type$Argument$1 done
Event: 11.505 loading class kotlin/reflect/jvm/internal/impl/metadata/ProtoBuf$Type$Argument$Projection
Event: 11.505 loading class kotlin/reflect/jvm/internal/impl/metadata/ProtoBuf$Type$Argument$Projection done
Event: 11.506 loading class kotlin/reflect/jvm/internal/impl/metadata/ProtoBuf$Type$Argument$Projection$1
Event: 11.506 loading class kotlin/reflect/jvm/internal/impl/metadata/ProtoBuf$Type$Argument$Projection$1 done
Event: 11.507 loading class kotlin/reflect/jvm/internal/impl/metadata/ProtoBuf$Annotation$Argument$Value$Builder
Event: 11.507 loading class kotlin/reflect/jvm/internal/impl/metadata/ProtoBuf$Annotation$Argument$Value$Builder done


Dynamic libraries:
0x00007ff6f2770000 - 0x00007ff6f27a1000 	C:\Program Files\Android\Android Studio\jre\bin\java.exe
0x00007ffc188a0000 - 0x00007ffc18a90000 	C:\WINDOWS\SYSTEM32\ntdll.dll
0x00007ffc16ab0000 - 0x00007ffc16b62000 	C:\WINDOWS\System32\KERNEL32.DLL
0x00007ffc16080000 - 0x00007ffc16323000 	C:\WINDOWS\System32\KERNELBASE.dll
0x00007ffc18020000 - 0x00007ffc180c3000 	C:\WINDOWS\System32\ADVAPI32.dll
0x00007ffc18740000 - 0x00007ffc187de000 	C:\WINDOWS\System32\msvcrt.dll
0x00007ffc16a10000 - 0x00007ffc16aa7000 	C:\WINDOWS\System32\sechost.dll
0x00007ffc18320000 - 0x00007ffc18440000 	C:\WINDOWS\System32\RPCRT4.dll
0x00007ffc18440000 - 0x00007ffc185d4000 	C:\WINDOWS\System32\USER32.dll
0x00007ffc16530000 - 0x00007ffc16551000 	C:\WINDOWS\System32\win32u.dll
0x00007ffc16bf0000 - 0x00007ffc16c16000 	C:\WINDOWS\System32\GDI32.dll
0x00007ffc16390000 - 0x00007ffc16524000 	C:\WINDOWS\System32\gdi32full.dll
0x00007ffc165b0000 - 0x00007ffc1664e000 	C:\WINDOWS\System32\msvcp_win.dll
0x00007ffc16850000 - 0x00007ffc1694a000 	C:\WINDOWS\System32\ucrtbase.dll
0x00007ffbfe370000 - 0x00007ffbfe5f5000 	C:\WINDOWS\WinSxS\amd64_microsoft.windows.common-controls_6595b64144ccf1df_6.0.18362.476_none_e6c4b11b130f2595\COMCTL32.dll
0x00007ffc17ce0000 - 0x00007ffc18016000 	C:\WINDOWS\System32\combase.dll
0x00007ffc16000000 - 0x00007ffc16080000 	C:\WINDOWS\System32\bcryptPrimitives.dll
0x00007ffc17090000 - 0x00007ffc170be000 	C:\WINDOWS\System32\IMM32.DLL
0x0000000077a80000 - 0x0000000077b52000 	C:\Program Files\Android\Android Studio\jre\jre\bin\msvcr100.dll
0x00000000766c0000 - 0x0000000076f06000 	C:\Program Files\Android\Android Studio\jre\jre\bin\server\jvm.dll
0x00007ffc18850000 - 0x00007ffc18858000 	C:\WINDOWS\System32\PSAPI.DLL
0x00007ffc12df0000 - 0x00007ffc12e14000 	C:\WINDOWS\SYSTEM32\WINMM.dll
0x00007ffc08470000 - 0x00007ffc0847a000 	C:\WINDOWS\SYSTEM32\VERSION.dll
0x00007ffc0ec20000 - 0x00007ffc0ec29000 	C:\WINDOWS\SYSTEM32\WSOCK32.dll
0x00007ffc187e0000 - 0x00007ffc1884f000 	C:\WINDOWS\System32\WS2_32.dll
0x00007ffc12dc0000 - 0x00007ffc12ded000 	C:\WINDOWS\SYSTEM32\winmmbase.dll
0x00007ffc15830000 - 0x00007ffc1587a000 	C:\WINDOWS\System32\cfgmgr32.dll
0x00007ffc0eb70000 - 0x00007ffc0eb7f000 	C:\Program Files\Android\Android Studio\jre\jre\bin\verify.dll
0x00007ffc08740000 - 0x00007ffc08769000 	C:\Program Files\Android\Android Studio\jre\jre\bin\java.dll
0x00007ffc0eb50000 - 0x00007ffc0eb66000 	C:\Program Files\Android\Android Studio\jre\jre\bin\zip.dll
0x00007ffc17120000 - 0x00007ffc17805000 	C:\WINDOWS\System32\SHELL32.dll
0x00007ffc16d60000 - 0x00007ffc16e09000 	C:\WINDOWS\System32\shcore.dll
0x00007ffc15880000 - 0x00007ffc15ffe000 	C:\WINDOWS\System32\windows.storage.dll
0x00007ffc157c0000 - 0x00007ffc157df000 	C:\WINDOWS\System32\profapi.dll
0x00007ffc157e0000 - 0x00007ffc1582a000 	C:\WINDOWS\System32\powrprof.dll
0x00007ffc15770000 - 0x00007ffc15780000 	C:\WINDOWS\System32\UMPDC.dll
0x00007ffc170c0000 - 0x00007ffc17112000 	C:\WINDOWS\System32\shlwapi.dll
0x00007ffc157a0000 - 0x00007ffc157b1000 	C:\WINDOWS\System32\kernel.appcore.dll
0x00007ffc16560000 - 0x00007ffc16577000 	C:\WINDOWS\System32\cryptsp.dll
0x00007ffc0e8f0000 - 0x00007ffc0e90a000 	C:\Program Files\Android\Android Studio\jre\jre\bin\net.dll
0x00007ffc14f80000 - 0x00007ffc14fe7000 	C:\WINDOWS\system32\mswsock.dll
0x00007ffc0d2c0000 - 0x00007ffc0d2d1000 	C:\Program Files\Android\Android Studio\jre\jre\bin\nio.dll
0x00007ffc055d0000 - 0x00007ffc055f6000 	C:\Users\J\.gradle\native\29\windows-amd64\native-platform.dll
0x00007ffc0ea80000 - 0x00007ffc0ea8d000 	C:\Program Files\Android\Android Studio\jre\jre\bin\management.dll
0x00007ffc14af0000 - 0x00007ffc14b23000 	C:\WINDOWS\system32\rsaenh.dll
0x00007ffc16580000 - 0x00007ffc165a6000 	C:\WINDOWS\System32\bcrypt.dll
0x00007ffc15690000 - 0x00007ffc156b5000 	C:\WINDOWS\SYSTEM32\USERENV.dll
0x00007ffc15150000 - 0x00007ffc1515c000 	C:\WINDOWS\SYSTEM32\CRYPTBASE.dll
0x00007ffc14c90000 - 0x00007ffc14cca000 	C:\WINDOWS\SYSTEM32\IPHLPAPI.DLL
0x00007ffc16950000 - 0x00007ffc16958000 	C:\WINDOWS\System32\NSI.dll
0x00007ffc0d030000 - 0x00007ffc0d046000 	C:\WINDOWS\SYSTEM32\dhcpcsvc6.DLL
0x00007ffc0bb40000 - 0x00007ffc0bb5c000 	C:\WINDOWS\SYSTEM32\dhcpcsvc.DLL
0x00007ffc14cd0000 - 0x00007ffc14d9a000 	C:\WINDOWS\SYSTEM32\DNSAPI.dll

VM Arguments:
jvm_args: -Xmx1536m -Dfile.encoding=x-windows-949 -Duser.country=KR -Duser.language=ko -Duser.variant 
java_command: org.gradle.launcher.daemon.bootstrap.GradleDaemon 5.4.1
java_class_path (initial): C:\Users\J\.gradle\wrapper\dists\gradle-5.4.1-all\3221gyojl5jsh0helicew7rwx\gradle-5.4.1\lib\gradle-launcher-5.4.1.jar
Launcher Type: SUN_STANDARD

Environment Variables:
JAVA_HOME=C:\Program Files\Java\jdk-13.0.1
PATH=C:\Users\J\Documents\apache-maven-3.6.2-bin\bin;C:\Program Files\Java\jdk-13.0.1;C:\Program Files\Java\jdk-13.0.1\bin;C:\Program Files (x86)\Intel\Intel(R) Management Engine Components\iCLS\;C:\Program Files\Intel\Intel(R) Management Engine Components\iCLS\;C:\WINDOWS\system32;C:\WINDOWS;C:\WINDOWS\System32\Wbem;C:\WINDOWS\System32\WindowsPowerShell\v1.0\;C:\WINDOWS\System32\OpenSSH\;C:\Program Files (x86)\Intel\Intel(R) Management Engine Components\DAL;C:\Program Files\Intel\Intel(R) Management Engine Components\DAL;C:\Program Files\PuTTY\;C:\Users\J\Downloads;C:\Program Files (x86)\Google\Cloud SDK\google-cloud-sdk\bin;C:\Program Files\Git\cmd;C:\Users\J\AppData\Local\Microsoft\WindowsApps;C:\Users\J\AppData\Local\GitHubDesktop\bin;C:\Users\J\AppData\Local\atom\bin
USERNAME=J
OS=Windows_NT
PROCESSOR_IDENTIFIER=Intel64 Family 6 Model 142 Stepping 11, GenuineIntel



---------------  S Y S T E M  ---------------

OS: Windows 10.0 , 64 bit Build 18362 (10.0.18362.329)

CPU:total 8 (initial active 8) (4 cores per cpu, 2 threads per core) family 6 model 142 stepping 11, cmov, cx8, fxsr, mmx, sse, sse2, sse3, ssse3, sse4.1, sse4.2, popcnt, avx, avx2, aes, clmul, erms, 3dnowpref, lzcnt, ht, tsc, tscinvbit, bmi1, bmi2, adx

Memory: 4k page, physical 8177696k(1202412k free), swap 10117152k(5244k free)

vm_info: OpenJDK 64-Bit Server VM (25.202-b03) for windows-amd64 JRE (1.8.0_202-release-1483-b03), built by "builder" with MS VC++ 10.0 (VS2010)

time: Sat Nov 23 20:36:00 2019
timezone: 대한민국 표준시
elapsed time: 11 seconds (0d 0h 0m 11s)

