#
# There is insufficient memory for the Java Runtime Environment to continue.
# Native memory allocation (malloc) failed to allocate 435248 bytes for Chunk::new
# Possible reasons:
#   The system is out of physical RAM or swap space
#   The process is running with CompressedOops enabled, and the Java Heap may be blocking the growth of the native heap
# Possible solutions:
#   Reduce memory load on the system
#   Increase physical memory or swap space
#   Check if swap backing store is full
#   Decrease Java heap size (-Xmx/-Xms)
#   Decrease number of Java threads
#   Decrease Java thread stack sizes (-Xss)
#   Set larger code cache with -XX:ReservedCodeCacheSize=
#   JVM is running with Unscaled Compressed Oops mode in which the Java heap is
#     placed in the first 4GB address space. The Java Heap base address is the
#     maximum limit for the native heap growth. Please use -XX:HeapBaseMinAddress
#     to set the Java Heap base and to place the Java Heap above 4GB virtual address.
# This output file may be truncated or incomplete.
#
#  Out of Memory Error (allocation.cpp:389), pid=860, tid=0x0000000000003730
#
# JRE version: OpenJDK Runtime Environment (8.0_202-b03) (build 1.8.0_202-release-1483-b03)
# Java VM: OpenJDK 64-Bit Server VM (25.202-b03 mixed mode windows-amd64 compressed oops)
# Failed to write core dump. Minidumps are not enabled by default on client versions of Windows
#

---------------  T H R E A D  ---------------

Current thread (0x0000000018f09000):  JavaThread "C2 CompilerThread1" daemon [_thread_in_native, id=14128, stack(0x0000000019860000,0x0000000019960000)]

Stack: [0x0000000019860000,0x0000000019960000]
[error occurred during error reporting (printing stack bounds), id 0xc0000005]

Native frames: (J=compiled Java code, j=interpreted, Vv=VM code, C=native code)


Current CompileTask:
C2:  12471 4580       4       org.codehaus.groovy.runtime.metaclass.MetaMethodIndex::copyNonPrivateNonNewMetaMethods (171 bytes)


---------------  P R O C E S S  ---------------

Java Threads: ( => current thread )
  0x000000001d910800 JavaThread "Cache worker for Build Output Cleanup Cache (C:\Users\J\Downloads\Voice_recognizer-master\STT\.gradle\buildOutputCleanup)" [_thread_blocked, id=16588, stack(0x0000000023c40000,0x0000000023d40000)]
  0x000000001d90d800 JavaThread "Build operations Thread 8" [_thread_blocked, id=9192, stack(0x0000000023540000,0x0000000023640000)]
  0x000000001d90f000 JavaThread "Build operations Thread 7" [_thread_blocked, id=9560, stack(0x0000000023440000,0x0000000023540000)]
  0x000000001d902800 JavaThread "Build operations Thread 6" [_thread_blocked, id=18320, stack(0x0000000023340000,0x0000000023440000)]
  0x000000001d907800 JavaThread "Build operations Thread 5" [_thread_blocked, id=13072, stack(0x0000000023240000,0x0000000023340000)]
  0x000000001d909000 JavaThread "Build operations Thread 4" [_thread_blocked, id=17392, stack(0x0000000022ee0000,0x0000000022fe0000)]
  0x000000001d907000 JavaThread "Build operations Thread 3" [_thread_blocked, id=17348, stack(0x0000000022de0000,0x0000000022ee0000)]
  0x000000001d905800 JavaThread "Build operations Thread 2" [_thread_blocked, id=19452, stack(0x0000000022ce0000,0x0000000022de0000)]
  0x000000001d904800 JavaThread "Build operations" [_thread_blocked, id=18992, stack(0x0000000022be0000,0x0000000022ce0000)]
  0x000000001d904000 JavaThread "Cache worker for execution history cache (C:\Users\J\.gradle\caches\5.4.1\executionHistory)" [_thread_blocked, id=1196, stack(0x0000000021b10000,0x0000000021c10000)]
  0x000000001d903000 JavaThread "Cache worker for cache directory md-rule (C:\Users\J\.gradle\caches\5.4.1\md-rule)" [_thread_blocked, id=15572, stack(0x000000001ff50000,0x0000000020050000)]
  0x000000001d908800 JavaThread "Cache worker for cache directory md-supplier (C:\Users\J\.gradle\caches\5.4.1\md-supplier)" [_thread_blocked, id=18092, stack(0x000000001fa80000,0x000000001fb80000)]
  0x000000001a39a000 JavaThread "Cache worker for file hash cache (C:\Users\J\Downloads\Voice_recognizer-master\STT\.gradle\5.4.1\fileHashes)" [_thread_blocked, id=17876, stack(0x000000001fe50000,0x000000001ff50000)]
  0x000000001a399000 JavaThread "Cache worker for journal cache (C:\Users\J\.gradle\caches\journal-1)" [_thread_blocked, id=8480, stack(0x000000001c810000,0x000000001c910000)]
  0x000000001a398800 JavaThread "File lock request listener" [_thread_in_native, id=10876, stack(0x000000001c710000,0x000000001c810000)]
  0x000000001a394000 JavaThread "Cache worker for file hash cache (C:\Users\J\.gradle\caches\5.4.1\fileHashes)" [_thread_blocked, id=2592, stack(0x000000001c410000,0x000000001c510000)]
  0x00000000191f3800 JavaThread "Thread-9" [_thread_blocked, id=19032, stack(0x000000001c310000,0x000000001c410000)]
  0x00000000191f7800 JavaThread "Stdin handler" [_thread_blocked, id=11364, stack(0x000000001c210000,0x000000001c310000)]
  0x0000000019e20000 JavaThread "Asynchronous log dispatcher for DefaultDaemonConnection: socket connection from /127.0.0.1:54792 to /127.0.0.1:54793" [_thread_blocked, id=384, stack(0x000000001c110000,0x000000001c210000)]
  0x0000000019e1c000 JavaThread "Daemon worker" [_thread_in_vm, id=18172, stack(0x000000001c010000,0x000000001c110000)]
  0x000000001b09f800 JavaThread "Cancel handler" [_thread_blocked, id=11092, stack(0x000000001bf10000,0x000000001c010000)]
  0x0000000019fdf000 JavaThread "Handler for socket connection from /127.0.0.1:54792 to /127.0.0.1:54793" [_thread_in_native, id=13144, stack(0x000000001bc10000,0x000000001bd10000)]
  0x0000000019fd7000 JavaThread "Daemon" [_thread_blocked, id=12320, stack(0x000000001bb10000,0x000000001bc10000)]
  0x000000001920c000 JavaThread "Daemon periodic checks" [_thread_blocked, id=8372, stack(0x000000001ba10000,0x000000001bb10000)]
  0x0000000019da6800 JavaThread "Incoming local TCP Connector on port 54792" [_thread_in_native, id=7996, stack(0x000000001b830000,0x000000001b930000)]
  0x000000001b106800 JavaThread "Daemon health stats" [_thread_blocked, id=6228, stack(0x000000001b530000,0x000000001b630000)]
  0x0000000018fed800 JavaThread "Service Thread" daemon [_thread_blocked, id=11560, stack(0x0000000019b60000,0x0000000019c60000)]
  0x0000000018f6c000 JavaThread "C1 CompilerThread3" daemon [_thread_blocked, id=15168, stack(0x0000000019a60000,0x0000000019b60000)]
  0x0000000018f0d800 JavaThread "C2 CompilerThread2" daemon [_thread_in_native, id=14528, stack(0x0000000019960000,0x0000000019a60000)]
=>0x0000000018f09000 JavaThread "C2 CompilerThread1" daemon [_thread_in_native, id=14128, stack(0x0000000019860000,0x0000000019960000)]
  0x0000000018f06800 JavaThread "C2 CompilerThread0" daemon [_thread_in_native, id=2696, stack(0x0000000019760000,0x0000000019860000)]
  0x0000000018f05000 JavaThread "Attach Listener" daemon [_thread_blocked, id=13116, stack(0x0000000019660000,0x0000000019760000)]
  0x0000000018f68000 JavaThread "Signal Dispatcher" daemon [_thread_blocked, id=18340, stack(0x0000000019560000,0x0000000019660000)]
  0x0000000018ef1800 JavaThread "Finalizer" daemon [_thread_blocked, id=12272, stack(0x00000000193d0000,0x00000000194d0000)]
  0x0000000018ef0800 JavaThread "Reference Handler" daemon [_thread_blocked, id=6256, stack(0x00000000192d0000,0x00000000193d0000)]
  0x000000000159e800 JavaThread "main" [_thread_blocked, id=9784, stack(0x0000000002d70000,0x0000000002e70000)]

Other Threads:
  0x00000000170e8000 VMThread [stack: 0x0000000018dd0000,0x0000000018ed0000] [id=18776]
  0x0000000018fee000 WatcherThread [stack: 0x0000000019c60000,0x0000000019d60000] [id=2128]

VM state:not at safepoint (normal execution)

VM Mutex/Monitor currently owned by a thread: None

heap address: 0x00000000a0000000, size: 1536 MB, Compressed Oops mode: 32-bit
Narrow klass base: 0x0000000000000000, Narrow klass shift: 3
Compressed class space size: 1073741824 Address: 0x0000000100000000

Heap:
 PSYoungGen      total 133120K, used 30817K [0x00000000e0000000, 0x00000000eb800000, 0x0000000100000000)
  eden space 120832K, 15% used [0x00000000e0000000,0x00000000e1218860,0x00000000e7600000)
  from space 12288K, 99% used [0x00000000e7600000,0x00000000e81ffbb8,0x00000000e8200000)
  to   space 16384K, 0% used [0x00000000ea800000,0x00000000ea800000,0x00000000eb800000)
 ParOldGen       total 75776K, used 21967K [0x00000000a0000000, 0x00000000a4a00000, 0x00000000e0000000)
  object space 75776K, 28% used [0x00000000a0000000,0x00000000a1573d48,0x00000000a4a00000)
 Metaspace       used 52156K, capacity 53566K, committed 53888K, reserved 1095680K
  class space    used 7082K, capacity 7477K, committed 7552K, reserved 1048576K

Card table byte_map: [0x00000000126f0000,0x0000000012a00000] byte_map_base: 0x00000000121f0000

Marking Bits: (ParMarkBitMap*) 0x0000000075199f30
 Begin Bits: [0x0000000013400000, 0x0000000014c00000)
 End Bits:   [0x0000000014c00000, 0x0000000016400000)

Polling page: 0x0000000000ff0000

CodeCache: size=245760Kb used=14649Kb max_used=14649Kb free=231110Kb
 bounds [0x0000000003330000, 0x0000000004190000, 0x0000000012330000]
 total_blobs=5052 nmethods=4257 adapters=707
 compilation: enabled

Compilation events (10 events):
Event: 12.460 Thread 0x0000000018f6c000 4609       3       groovy.lang.MetaClassImpl::filterPropertyMethod (305 bytes)
Event: 12.462 Thread 0x0000000018f6c000 nmethod 4609 0x0000000004182890 code [0x0000000004182b80, 0x0000000004184628]
Event: 12.462 Thread 0x0000000018f6c000 4606       3       java.util.ArrayList::<init> (67 bytes)
Event: 12.462 Thread 0x0000000018f6c000 nmethod 4606 0x0000000004184ed0 code [0x0000000004185080, 0x00000000041855b8]
Event: 12.462 Thread 0x0000000018f6c000 4610       3       groovyjarjarasm.asm.SymbolTable::addConstantClass (8 bytes)
Event: 12.462 Thread 0x0000000018f6c000 nmethod 4610 0x0000000004185790 code [0x0000000004185900, 0x0000000004185a88]
Event: 12.462 Thread 0x0000000018f6c000 4607       3       java.beans.WeakIdentityMap$Entry::isMatched (22 bytes)
Event: 12.462 Thread 0x0000000018f6c000 nmethod 4607 0x0000000004185b10 code [0x0000000004185c60, 0x0000000004185ed0]
Event: 12.467 Thread 0x0000000018f6c000 4611       3       org.codehaus.groovy.reflection.CachedClass::getNewMetaMethods (166 bytes)
Event: 12.468 Thread 0x0000000018f6c000 nmethod 4611 0x0000000004185f50 code [0x0000000004186220, 0x0000000004187628]

GC Heap History (10 events):
Event: 9.791 GC heap before
{Heap before GC invocations=11 (full 1):
 PSYoungGen      total 65536K, used 63099K [0x00000000e0000000, 0x00000000e6200000, 0x0000000100000000)
  eden space 55296K, 100% used [0x00000000e0000000,0x00000000e3600000,0x00000000e3600000)
  from space 10240K, 76% used [0x00000000e3600000,0x00000000e3d9ec48,0x00000000e4000000)
  to   space 10240K, 0% used [0x00000000e5800000,0x00000000e5800000,0x00000000e6200000)
 ParOldGen       total 55808K, used 8763K [0x00000000a0000000, 0x00000000a3680000, 0x00000000e0000000)
  object space 55808K, 15% used [0x00000000a0000000,0x00000000a088ee00,0x00000000a3680000)
 Metaspace       used 34583K, capacity 35358K, committed 35456K, reserved 1079296K
  class space    used 4758K, capacity 4950K, committed 4992K, reserved 1048576K
Event: 9.805 GC heap after
Heap after GC invocations=11 (full 1):
 PSYoungGen      total 89088K, used 8044K [0x00000000e0000000, 0x00000000e6180000, 0x0000000100000000)
  eden space 79360K, 0% used [0x00000000e0000000,0x00000000e0000000,0x00000000e4d80000)
  from space 9728K, 82% used [0x00000000e5800000,0x00000000e5fdb370,0x00000000e6180000)
  to   space 10240K, 0% used [0x00000000e4d80000,0x00000000e4d80000,0x00000000e5780000)
 ParOldGen       total 55808K, used 11987K [0x00000000a0000000, 0x00000000a3680000, 0x00000000e0000000)
  object space 55808K, 21% used [0x00000000a0000000,0x00000000a0bb4e10,0x00000000a3680000)
 Metaspace       used 34583K, capacity 35358K, committed 35456K, reserved 1079296K
  class space    used 4758K, capacity 4950K, committed 4992K, reserved 1048576K
}
Event: 9.837 GC heap before
{Heap before GC invocations=12 (full 1):
 PSYoungGen      total 89088K, used 10995K [0x00000000e0000000, 0x00000000e6180000, 0x0000000100000000)
  eden space 79360K, 3% used [0x00000000e0000000,0x00000000e02e1908,0x00000000e4d80000)
  from space 9728K, 82% used [0x00000000e5800000,0x00000000e5fdb370,0x00000000e6180000)
  to   space 10240K, 0% used [0x00000000e4d80000,0x00000000e4d80000,0x00000000e5780000)
 ParOldGen       total 55808K, used 11987K [0x00000000a0000000, 0x00000000a3680000, 0x00000000e0000000)
  object space 55808K, 21% used [0x00000000a0000000,0x00000000a0bb4e10,0x00000000a3680000)
 Metaspace       used 34630K, capacity 35364K, committed 35456K, reserved 1079296K
  class space    used 4767K, capacity 4951K, committed 4992K, reserved 1048576K
Event: 9.844 GC heap after
Heap after GC invocations=12 (full 1):
 PSYoungGen      total 89600K, used 352K [0x00000000e0000000, 0x00000000e8e00000, 0x0000000100000000)
  eden space 79360K, 0% used [0x00000000e0000000,0x00000000e0000000,0x00000000e4d80000)
  from space 10240K, 3% used [0x00000000e4d80000,0x00000000e4dd8000,0x00000000e5780000)
  to   space 11264K, 0% used [0x00000000e8300000,0x00000000e8300000,0x00000000e8e00000)
 ParOldGen       total 55808K, used 17309K [0x00000000a0000000, 0x00000000a3680000, 0x00000000e0000000)
  object space 55808K, 31% used [0x00000000a0000000,0x00000000a10e76b8,0x00000000a3680000)
 Metaspace       used 34630K, capacity 35364K, committed 35456K, reserved 1079296K
  class space    used 4767K, capacity 4951K, committed 4992K, reserved 1048576K
}
Event: 9.844 GC heap before
{Heap before GC invocations=13 (full 2):
 PSYoungGen      total 89600K, used 352K [0x00000000e0000000, 0x00000000e8e00000, 0x0000000100000000)
  eden space 79360K, 0% used [0x00000000e0000000,0x00000000e0000000,0x00000000e4d80000)
  from space 10240K, 3% used [0x00000000e4d80000,0x00000000e4dd8000,0x00000000e5780000)
  to   space 11264K, 0% used [0x00000000e8300000,0x00000000e8300000,0x00000000e8e00000)
 ParOldGen       total 55808K, used 17309K [0x00000000a0000000, 0x00000000a3680000, 0x00000000e0000000)
  object space 55808K, 31% used [0x00000000a0000000,0x00000000a10e76b8,0x00000000a3680000)
 Metaspace       used 34630K, capacity 35364K, committed 35456K, reserved 1079296K
  class space    used 4767K, capacity 4951K, committed 4992K, reserved 1048576K
Event: 9.975 GC heap after
Heap after GC invocations=13 (full 2):
 PSYoungGen      total 89600K, used 0K [0x00000000e0000000, 0x00000000e8e00000, 0x0000000100000000)
  eden space 79360K, 0% used [0x00000000e0000000,0x00000000e0000000,0x00000000e4d80000)
  from space 10240K, 0% used [0x00000000e4d80000,0x00000000e4d80000,0x00000000e5780000)
  to   space 11264K, 0% used [0x00000000e8300000,0x00000000e8300000,0x00000000e8e00000)
 ParOldGen       total 75776K, used 16043K [0x00000000a0000000, 0x00000000a4a00000, 0x00000000e0000000)
  object space 75776K, 21% used [0x00000000a0000000,0x00000000a0faad08,0x00000000a4a00000)
 Metaspace       used 34628K, capacity 35358K, committed 35456K, reserved 1079296K
  class space    used 4766K, capacity 4950K, committed 4992K, reserved 1048576K
}
Event: 11.074 GC heap before
{Heap before GC invocations=14 (full 2):
 PSYoungGen      total 89600K, used 79360K [0x00000000e0000000, 0x00000000e8e00000, 0x0000000100000000)
  eden space 79360K, 100% used [0x00000000e0000000,0x00000000e4d80000,0x00000000e4d80000)
  from space 10240K, 0% used [0x00000000e4d80000,0x00000000e4d80000,0x00000000e5780000)
  to   space 11264K, 0% used [0x00000000e8300000,0x00000000e8300000,0x00000000e8e00000)
 ParOldGen       total 75776K, used 16043K [0x00000000a0000000, 0x00000000a4a00000, 0x00000000e0000000)
  object space 75776K, 21% used [0x00000000a0000000,0x00000000a0faad08,0x00000000a4a00000)
 Metaspace       used 43392K, capacity 44242K, committed 44288K, reserved 1087488K
  class space    used 5864K, capacity 6127K, committed 6144K, reserved 1048576K
Event: 11.083 GC heap after
Heap after GC invocations=14 (full 2):
 PSYoungGen      total 123392K, used 10783K [0x00000000e0000000, 0x00000000e8e00000, 0x0000000100000000)
  eden space 112128K, 0% used [0x00000000e0000000,0x00000000e0000000,0x00000000e6d80000)
  from space 11264K, 95% used [0x00000000e8300000,0x00000000e8d87df0,0x00000000e8e00000)
  to   space 12288K, 0% used [0x00000000e7600000,0x00000000e7600000,0x00000000e8200000)
 ParOldGen       total 75776K, used 16051K [0x00000000a0000000, 0x00000000a4a00000, 0x00000000e0000000)
  object space 75776K, 21% used [0x00000000a0000000,0x00000000a0facd08,0x00000000a4a00000)
 Metaspace       used 43392K, capacity 44242K, committed 44288K, reserved 1087488K
  class space    used 5864K, capacity 6127K, committed 6144K, reserved 1048576K
}
Event: 12.316 GC heap before
{Heap before GC invocations=15 (full 2):
 PSYoungGen      total 123392K, used 122911K [0x00000000e0000000, 0x00000000e8e00000, 0x0000000100000000)
  eden space 112128K, 100% used [0x00000000e0000000,0x00000000e6d80000,0x00000000e6d80000)
  from space 11264K, 95% used [0x00000000e8300000,0x00000000e8d87df0,0x00000000e8e00000)
  to   space 12288K, 0% used [0x00000000e7600000,0x00000000e7600000,0x00000000e8200000)
 ParOldGen       total 75776K, used 16051K [0x00000000a0000000, 0x00000000a4a00000, 0x00000000e0000000)
  object space 75776K, 21% used [0x00000000a0000000,0x00000000a0facd08,0x00000000a4a00000)
 Metaspace       used 51545K, capacity 52934K, committed 53248K, reserved 1095680K
  class space    used 6978K, capacity 7382K, committed 7424K, reserved 1048576K
Event: 12.331 GC heap after
Heap after GC invocations=15 (full 2):
 PSYoungGen      total 133120K, used 12286K [0x00000000e0000000, 0x00000000eb800000, 0x0000000100000000)
  eden space 120832K, 0% used [0x00000000e0000000,0x00000000e0000000,0x00000000e7600000)
  from space 12288K, 99% used [0x00000000e7600000,0x00000000e81ffbb8,0x00000000e8200000)
  to   space 16384K, 0% used [0x00000000ea800000,0x00000000ea800000,0x00000000eb800000)
 ParOldGen       total 75776K, used 21967K [0x00000000a0000000, 0x00000000a4a00000, 0x00000000e0000000)
  object space 75776K, 28% used [0x00000000a0000000,0x00000000a1573d48,0x00000000a4a00000)
 Metaspace       used 51545K, capacity 52934K, committed 53248K, reserved 1095680K
  class space    used 6978K, capacity 7382K, committed 7424K, reserved 1048576K
}

Deoptimization events (10 events):
Event: 11.500 Thread 0x0000000019e1c000 Uncommon trap: reason=unstable_if action=reinterpret pc=0x0000000003da5c00 method=org.codehaus.groovy.runtime.metaclass.MetaMethodIndex.isNonRealMethod(Lgroovy/lang/MetaMethod;)Z @ 4
Event: 11.500 Thread 0x0000000019e1c000 Uncommon trap: reason=unstable_if action=reinterpret pc=0x0000000003cc3938 method=groovy.lang.MetaClassImpl$1MOPIter.methodNameAction(Ljava/lang/Class;Lorg/codehaus/groovy/runtime/metaclass/MetaMethodIndex$Entry;)V @ 182
Event: 11.515 Thread 0x0000000019e1c000 Uncommon trap: reason=unstable_if action=reinterpret pc=0x0000000003ee29f4 method=java.lang.ClassLoader.checkCerts(Ljava/lang/String;Ljava/security/CodeSource;)V @ 29
Event: 11.515 Thread 0x0000000019e1c000 Uncommon trap: reason=unstable_if action=reinterpret pc=0x0000000003eed8fc method=java.lang.ClassLoader.defineClassSourceLocation(Ljava/security/ProtectionDomain;)Ljava/lang/String; @ 8
Event: 11.586 Thread 0x0000000019e1c000 Uncommon trap: reason=unstable_if action=reinterpret pc=0x0000000003ec4eb0 method=org.gradle.internal.instantiation.AbstractClassGenerator$InjectionAnnotationValidator.validateMethod(Ljava/lang/reflect/Method;Lorg/gradle/internal/reflect/PropertyAccessorT
Event: 11.898 Thread 0x0000000019e1c000 Uncommon trap: reason=unstable_if action=reinterpret pc=0x000000000387e8e4 method=java.lang.String.lastIndexOf([CII[CIII)I @ 17
Event: 12.050 Thread 0x0000000019e1c000 Uncommon trap: reason=unstable_if action=reinterpret pc=0x0000000004070048 method=kotlin.reflect.jvm.internal.impl.protobuf.CodedInputStream.readRawVarint32()I @ 10
Event: 12.433 Thread 0x0000000019e1c000 Uncommon trap: reason=bimorphic action=maybe_recompile pc=0x0000000004168460 method=groovy.lang.MetaClassImpl.filterPropertyMethod(Ljava/lang/Object;ZZ)Ljava/lang/Object; @ 38
Event: 12.449 Thread 0x0000000019e1c000 Uncommon trap: reason=unstable_if action=reinterpret pc=0x00000000041683f8 method=groovy.lang.MetaClassImpl.filterPropertyMethod(Ljava/lang/Object;ZZ)Ljava/lang/Object; @ 187
Event: 12.455 Thread 0x0000000019e1c000 Uncommon trap: reason=unstable_if action=reinterpret pc=0x0000000003f9d040 method=java.lang.reflect.AccessibleObject.setAccessible0(Ljava/lang/reflect/AccessibleObject;Z)V @ 23

Classes redefined (0 events):
No events

Internal exceptions (10 events):
Event: 12.445 Thread 0x0000000019e1c000 Exception <a 'java/security/PrivilegedActionException'> (0x00000000e0d04060) thrown at [D:\src\AOSP-openjdk-cygwin\jdk8u\hotspot\src\share\vm\prims\jvm.cpp, line 1508]
Event: 12.445 Thread 0x0000000019e1c000 Exception <a 'java/security/PrivilegedActionException'> (0x00000000e0d04fc8) thrown at [D:\src\AOSP-openjdk-cygwin\jdk8u\hotspot\src\share\vm\prims\jvm.cpp, line 1508]
Event: 12.445 Thread 0x0000000019e1c000 Exception <a 'java/lang/ClassNotFoundException': org/codehaus/groovy/runtime/NullObjectCustomizer> (0x00000000e0d0a098) thrown at [D:\src\AOSP-openjdk-cygwin\jdk8u\hotspot\src\share\vm\classfile\systemDictionary.cpp, line 210]
Event: 12.448 Thread 0x0000000019e1c000 Exception <a 'java/lang/ClassNotFoundException': java/lang/StringBeanInfo> (0x00000000e0df2c18) thrown at [D:\src\AOSP-openjdk-cygwin\jdk8u\hotspot\src\share\vm\classfile\systemDictionary.cpp, line 210]
Event: 12.448 Thread 0x0000000019e1c000 Exception <a 'java/lang/ClassNotFoundException': java/lang/StringCustomizer> (0x00000000e0dfb460) thrown at [D:\src\AOSP-openjdk-cygwin\jdk8u\hotspot\src\share\vm\classfile\systemDictionary.cpp, line 210]
Event: 12.455 Thread 0x0000000019e1c000 Exception <a 'java/lang/SecurityException'> (0x00000000e0e8f570) thrown at [D:\src\AOSP-openjdk-cygwin\jdk8u\hotspot\src\share\vm\prims\jvm.cpp, line 1512]
Event: 12.456 Thread 0x0000000019e1c000 Exception <a 'java/lang/ClassNotFoundException': java/lang/ClassBeanInfo> (0x00000000e0eaa360) thrown at [D:\src\AOSP-openjdk-cygwin\jdk8u\hotspot\src\share\vm\classfile\systemDictionary.cpp, line 210]
Event: 12.456 Thread 0x0000000019e1c000 Exception <a 'java/lang/ClassNotFoundException': java/lang/ClassCustomizer> (0x00000000e0eb3348) thrown at [D:\src\AOSP-openjdk-cygwin\jdk8u\hotspot\src\share\vm\classfile\systemDictionary.cpp, line 210]
Event: 12.462 Thread 0x0000000019e1c000 Exception <a 'java/lang/NoSuchMethodError': java.lang.Object.lambda$codePoints$1()Ljava/util/Spliterator$OfInt;> (0x00000000e0f2f518) thrown at [D:\src\AOSP-openjdk-cygwin\jdk8u\hotspot\src\share\vm\interpreter\linkResolver.cpp, line 620]
Event: 12.469 Thread 0x0000000019e1c000 Exception <a 'java/lang/ClassNotFoundException': java/util/stream/IntPipeline$HeadBeanInfo> (0x00000000e0ff2eb0) thrown at [D:\src\AOSP-openjdk-cygwin\jdk8u\hotspot\src\share\vm\classfile\systemDictionary.cpp, line 210]

Events (10 events):
Event: 12.465 loading class java/util/stream/Node$Builder
Event: 12.465 loading class java/util/stream/Node$Builder done
Event: 12.465 loading class java/util/stream/Node
Event: 12.466 loading class java/util/stream/Node done
Event: 12.469 loading class java/util/stream/IntPipeline$HeadBeanInfo
Event: 12.469 loading class java/util/stream/IntPipeline$HeadBeanInfo done
Event: 12.469 loading class java/util/stream/IntPipeline$HeadBeanInfo
Event: 12.469 loading class java/util/stream/IntPipeline$HeadBeanInfo done
Event: 12.469 loading class java/util/stream/IntPipelineBeanInfo
Event: 12.469 loading class java/util/stream/IntPipelineBeanInfo done


Dynamic libraries:
0x00007ff667ab0000 - 0x00007ff667ae1000 	C:\Program Files\Android\Android Studio\jre\bin\java.exe
0x00007ffcfc360000 - 0x00007ffcfc550000 	C:\WINDOWS\SYSTEM32\ntdll.dll
0x00007ffcfb210000 - 0x00007ffcfb2c2000 	C:\WINDOWS\System32\KERNEL32.DLL
0x00007ffcf9e60000 - 0x00007ffcfa103000 	C:\WINDOWS\System32\KERNELBASE.dll
0x00007ffcfa710000 - 0x00007ffcfa7b3000 	C:\WINDOWS\System32\ADVAPI32.dll
0x00007ffcfb0d0000 - 0x00007ffcfb16e000 	C:\WINDOWS\System32\msvcrt.dll
0x00007ffcfb170000 - 0x00007ffcfb207000 	C:\WINDOWS\System32\sechost.dll
0x00007ffcfacb0000 - 0x00007ffcfadd0000 	C:\WINDOWS\System32\RPCRT4.dll
0x00007ffcfc100000 - 0x00007ffcfc294000 	C:\WINDOWS\System32\USER32.dll
0x00007ffcfa360000 - 0x00007ffcfa381000 	C:\WINDOWS\System32\win32u.dll
0x00007ffcfb070000 - 0x00007ffcfb096000 	C:\WINDOWS\System32\GDI32.dll
0x00007ffcf9320000 - 0x00007ffcf94b4000 	C:\WINDOWS\System32\gdi32full.dll
0x00007ffcfa270000 - 0x00007ffcfa30e000 	C:\WINDOWS\System32\msvcp_win.dll
0x00007ffcfa110000 - 0x00007ffcfa20a000 	C:\WINDOWS\System32\ucrtbase.dll
0x00007ffce38e0000 - 0x00007ffce3b65000 	C:\WINDOWS\WinSxS\amd64_microsoft.windows.common-controls_6595b64144ccf1df_6.0.18362.476_none_e6c4b11b130f2595\COMCTL32.dll
0x00007ffcfa7c0000 - 0x00007ffcfaaf6000 	C:\WINDOWS\System32\combase.dll
0x00007ffcfa390000 - 0x00007ffcfa410000 	C:\WINDOWS\System32\bcryptPrimitives.dll
0x00007ffcfb0a0000 - 0x00007ffcfb0ce000 	C:\WINDOWS\System32\IMM32.DLL
0x00000000748f0000 - 0x00000000749c2000 	C:\Program Files\Android\Android Studio\jre\jre\bin\msvcr100.dll
0x00000000749d0000 - 0x0000000075216000 	C:\Program Files\Android\Android Studio\jre\jre\bin\server\jvm.dll
0x00007ffcfa700000 - 0x00007ffcfa708000 	C:\WINDOWS\System32\PSAPI.DLL
0x00007ffcf68b0000 - 0x00007ffcf68d4000 	C:\WINDOWS\SYSTEM32\WINMM.dll
0x00007ffcec660000 - 0x00007ffcec66a000 	C:\WINDOWS\SYSTEM32\VERSION.dll
0x00007ffcf6880000 - 0x00007ffcf68ad000 	C:\WINDOWS\SYSTEM32\winmmbase.dll
0x00007ffcfa310000 - 0x00007ffcfa35a000 	C:\WINDOWS\System32\cfgmgr32.dll
0x00007ffcf54c0000 - 0x00007ffcf54c9000 	C:\WINDOWS\SYSTEM32\WSOCK32.dll
0x00007ffcfb000000 - 0x00007ffcfb06f000 	C:\WINDOWS\System32\WS2_32.dll
0x00007ffcf34c0000 - 0x00007ffcf34cf000 	C:\Program Files\Android\Android Studio\jre\jre\bin\verify.dll
0x00007ffcec9b0000 - 0x00007ffcec9d9000 	C:\Program Files\Android\Android Studio\jre\jre\bin\java.dll
0x00007ffcf0e20000 - 0x00007ffcf0e36000 	C:\Program Files\Android\Android Studio\jre\jre\bin\zip.dll
0x00007ffcfba10000 - 0x00007ffcfc0f5000 	C:\WINDOWS\System32\SHELL32.dll
0x00007ffcfa650000 - 0x00007ffcfa6f9000 	C:\WINDOWS\System32\shcore.dll
0x00007ffcf9570000 - 0x00007ffcf9cee000 	C:\WINDOWS\System32\windows.storage.dll
0x00007ffcf92b0000 - 0x00007ffcf92cf000 	C:\WINDOWS\System32\profapi.dll
0x00007ffcf9240000 - 0x00007ffcf928a000 	C:\WINDOWS\System32\powrprof.dll
0x00007ffcf9230000 - 0x00007ffcf9240000 	C:\WINDOWS\System32\UMPDC.dll
0x00007ffcfade0000 - 0x00007ffcfae32000 	C:\WINDOWS\System32\shlwapi.dll
0x00007ffcf9290000 - 0x00007ffcf92a1000 	C:\WINDOWS\System32\kernel.appcore.dll
0x00007ffcf9e40000 - 0x00007ffcf9e57000 	C:\WINDOWS\System32\cryptsp.dll
0x00007ffcf0cf0000 - 0x00007ffcf0d0a000 	C:\Program Files\Android\Android Studio\jre\jre\bin\net.dll
0x00007ffcf8a40000 - 0x00007ffcf8aa7000 	C:\WINDOWS\system32\mswsock.dll
0x00007ffce9d90000 - 0x00007ffce9da1000 	C:\Program Files\Android\Android Studio\jre\jre\bin\nio.dll
0x00007ffcdbb50000 - 0x00007ffcdbb76000 	C:\Users\J\.gradle\native\29\windows-amd64\native-platform.dll
0x00007ffcf2f30000 - 0x00007ffcf2f3d000 	C:\Program Files\Android\Android Studio\jre\jre\bin\management.dll
0x00007ffcf85b0000 - 0x00007ffcf85e3000 	C:\WINDOWS\system32\rsaenh.dll
0x00007ffcf92f0000 - 0x00007ffcf9316000 	C:\WINDOWS\System32\bcrypt.dll
0x00007ffcf9150000 - 0x00007ffcf9175000 	C:\WINDOWS\SYSTEM32\USERENV.dll
0x00007ffcf8c70000 - 0x00007ffcf8c7c000 	C:\WINDOWS\SYSTEM32\CRYPTBASE.dll
0x00007ffcf8750000 - 0x00007ffcf878a000 	C:\WINDOWS\SYSTEM32\IPHLPAPI.DLL
0x00007ffcfadd0000 - 0x00007ffcfadd8000 	C:\WINDOWS\System32\NSI.dll
0x00007ffcec340000 - 0x00007ffcec356000 	C:\WINDOWS\SYSTEM32\dhcpcsvc6.DLL
0x00007ffcec320000 - 0x00007ffcec33c000 	C:\WINDOWS\SYSTEM32\dhcpcsvc.DLL
0x00007ffcf8790000 - 0x00007ffcf885a000 	C:\WINDOWS\SYSTEM32\DNSAPI.dll

VM Arguments:
jvm_args: -Xmx1536m -Dfile.encoding=x-windows-949 -Duser.country=KR -Duser.language=ko -Duser.variant 
java_command: org.gradle.launcher.daemon.bootstrap.GradleDaemon 5.4.1
java_class_path (initial): C:\Users\J\.gradle\wrapper\dists\gradle-5.4.1-all\3221gyojl5jsh0helicew7rwx\gradle-5.4.1\lib\gradle-launcher-5.4.1.jar
Launcher Type: SUN_STANDARD

Environment Variables:
JAVA_HOME=C:\Program Files\Java\jdk-13.0.1
PATH=C:\Users\J\Documents\apache-maven-3.6.2-bin\bin;C:\Program Files\Java\jdk-13.0.1;C:\Program Files\Java\jdk-13.0.1\bin;C:\Program Files (x86)\Intel\Intel(R) Management Engine Components\iCLS\;C:\Program Files\Intel\Intel(R) Management Engine Components\iCLS\;C:\WINDOWS\system32;C:\WINDOWS;C:\WINDOWS\System32\Wbem;C:\WINDOWS\System32\WindowsPowerShell\v1.0\;C:\WINDOWS\System32\OpenSSH\;C:\Program Files (x86)\Intel\Intel(R) Management Engine Components\DAL;C:\Program Files\Intel\Intel(R) Management Engine Components\DAL;C:\Program Files\PuTTY\;C:\Users\J\Downloads;C:\Program Files (x86)\Google\Cloud SDK\google-cloud-sdk\bin;C:\Program Files\Git\cmd;C:\Program Files\MySQL\MySQL Shell 8.0\bin\;C:\Users\J\AppData\Local\Microsoft\WindowsApps;C:\Users\J\AppData\Local\GitHubDesktop\bin;C:\Users\J\AppData\Local\atom\bin
USERNAME=J
OS=Windows_NT
PROCESSOR_IDENTIFIER=Intel64 Family 6 Model 142 Stepping 11, GenuineIntel



---------------  S Y S T E M  ---------------

OS: Windows 10.0 , 64 bit Build 18362 (10.0.18362.329)

CPU:total 8 (initial active 8) (4 cores per cpu, 2 threads per core) family 6 model 142 stepping 11, cmov, cx8, fxsr, mmx, sse, sse2, sse3, ssse3, sse4.1, sse4.2, popcnt, avx, avx2, aes, clmul, erms, 3dnowpref, lzcnt, ht, tsc, tscinvbit, bmi1, bmi2, adx

Memory: 4k page, physical 8177696k(881692k free), swap 10117152k(5452k free)

vm_info: OpenJDK 64-Bit Server VM (25.202-b03) for windows-amd64 JRE (1.8.0_202-release-1483-b03), built by "builder" with MS VC++ 10.0 (VS2010)

time: Fri Dec 06 00:22:23 2019
timezone: 대한민국 표준시
elapsed time: 12 seconds (0d 0h 0m 12s)

